# JRE version: OpenJDK Runtime Environment Temurin-21.0.6+7 (21.0.6+7) (build 21.0.6+7-LTS)
# Java VM: OpenJDK 64-Bit Server VM Temurin-21.0.6+7 (21.0.6+7-LTS, mixed mode, sharing, tiered, compressed oops, compressed class ptrs, g1 gc, windows-amd64)
GC Precious Log:
 CardTable entry size: 512
 Card Set container configuration: InlinePtr #cards 5 size 8 Array Of Cards #cards 12 size 40 Howl #buckets 4 coarsen threshold 1843 Howl Bitmap #cards 512 size 80 coarsen threshold 460 Card regions per heap region 1 cards per card region 2048
 CPUs: 8 total, 8 available
 Memory: 8099M
 Large Page Support: Disabled
 NUMA Support: Disabled
 Compressed Oops: Enabled (32-bit)
 Heap Region Size: 1M
 Heap Min Capacity: 8M
 Heap Initial Capacity: 128M
 Heap Max Capacity: 2026M
 Pre-touch: Disabled
 Parallel Workers: 8
 Concurrent Workers: 2
 Concurrent Refinement Workers: 8
 Periodic GC: Disabled
Heap:
 garbage-first heap   total 79872K, used 57806K [0x0000000081600000, 0x0000000100000000)
  region size 1024K, 26 young (26624K), 1 survivors (1024K)
 Metaspace       used 60429K, committed 61696K, reserved 1114112K
  class space    used 7766K, committed 8320K, reserved 1048576K
GC Heap History (20 events):
Event: 2044.772 GC heap before
{Heap before GC invocations=355 (full 0):
 garbage-first heap   total 79872K, used 73314K [0x0000000081600000, 0x0000000100000000)
  region size 1024K, 38 young (38912K), 1 survivors (1024K)
 Metaspace       used 60353K, committed 61696K, reserved 1114112K
  class space    used 7774K, committed 8320K, reserved 1048576K
}
Event: 2044.773 GC heap after
{Heap after GC invocations=356 (full 0):
 garbage-first heap   total 79872K, used 35270K [0x0000000081600000, 0x0000000100000000)
  region size 1024K, 1 young (1024K), 1 survivors (1024K)
 Metaspace       used 60353K, committed 61696K, reserved 1114112K
  class space    used 7774K, committed 8320K, reserved 1048576K
}
Event: 2054.761 GC heap before
{Heap before GC invocations=357 (full 0):
 garbage-first heap   total 79872K, used 73158K [0x0000000081600000, 0x0000000100000000)
  region size 1024K, 38 young (38912K), 1 survivors (1024K)
 Metaspace       used 60323K, committed 61696K, reserved 1114112K
  class space    used 7766K, committed 8320K, reserved 1048576K
}
Event: 2054.762 GC heap after
{Heap after GC invocations=358 (full 0):
 garbage-first heap   total 79872K, used 35121K [0x0000000081600000, 0x0000000100000000)
  region size 1024K, 1 young (1024K), 1 survivors (1024K)
 Metaspace       used 60323K, committed 61696K, reserved 1114112K
  class space    used 7766K, committed 8320K, reserved 1048576K
}
Event: 2064.755 GC heap before
{Heap before GC invocations=358 (full 0):
 garbage-first heap   total 79872K, used 71985K [0x0000000081600000, 0x0000000100000000)
  region size 1024K, 37 young (37888K), 1 survivors (1024K)
 Metaspace       used 60329K, committed 61696K, reserved 1114112K
  class space    used 7766K, committed 8320K, reserved 1048576K
}
Event: 2064.758 GC heap after
{Heap after GC invocations=359 (full 0):
 garbage-first heap   total 79872K, used 34401K [0x0000000081600000, 0x0000000100000000)
  region size 1024K, 1 young (1024K), 1 survivors (1024K)
 Metaspace       used 60329K, committed 61696K, reserved 1114112K
  class space    used 7766K, committed 8320K, reserved 1048576K
}
Event: 2074.743 GC heap before
{Heap before GC invocations=359 (full 0):
 garbage-first heap   total 79872K, used 72289K [0x0000000081600000, 0x0000000100000000)
  region size 1024K, 38 young (38912K), 1 survivors (1024K)
 Metaspace       used 60329K, committed 61696K, reserved 1114112K
  class space    used 7766K, committed 8320K, reserved 1048576K
}
Event: 2074.745 GC heap after
{Heap after GC invocations=360 (full 0):
 garbage-first heap   total 79872K, used 34240K [0x0000000081600000, 0x0000000100000000)
  region size 1024K, 1 young (1024K), 1 survivors (1024K)
 Metaspace       used 60329K, committed 61696K, reserved 1114112K
  class space    used 7766K, committed 8320K, reserved 1048576K
}
Event: 2084.799 GC heap before
{Heap before GC invocations=361 (full 0):
 garbage-first heap   total 79872K, used 72128K [0x0000000081600000, 0x0000000100000000)
  region size 1024K, 38 young (38912K), 1 survivors (1024K)
 Metaspace       used 60329K, committed 61696K, reserved 1114112K
  class space    used 7766K, committed 8320K, reserved 1048576K
}
Event: 2084.800 GC heap after
{Heap after GC invocations=362 (full 0):
 garbage-first heap   total 79872K, used 34453K [0x0000000081600000, 0x0000000100000000)
  region size 1024K, 1 young (1024K), 1 survivors (1024K)
 Metaspace       used 60329K, committed 61696K, reserved 1114112K
  class space    used 7766K, committed 8320K, reserved 1048576K
}
Event: 2094.739 GC heap before
{Heap before GC invocations=362 (full 0):
 garbage-first heap   total 79872K, used 72341K [0x0000000081600000, 0x0000000100000000)
  region size 1024K, 38 young (38912K), 1 survivors (1024K)
 Metaspace       used 60405K, committed 61696K, reserved 1114112K
  class space    used 7766K, committed 8320K, reserved 1048576K
}
Event: 2094.741 GC heap after
{Heap after GC invocations=363 (full 0):
 garbage-first heap   total 79872K, used 33773K [0x0000000081600000, 0x0000000100000000)
  region size 1024K, 1 young (1024K), 1 survivors (1024K)
 Metaspace       used 60405K, committed 61696K, reserved 1114112K
  class space    used 7766K, committed 8320K, reserved 1048576K
}
Event: 2104.760 GC heap before
{Heap before GC invocations=363 (full 0):
 garbage-first heap   total 79872K, used 72685K [0x0000000081600000, 0x0000000100000000)
  region size 1024K, 39 young (39936K), 1 survivors (1024K)
 Metaspace       used 60405K, committed 61696K, reserved 1114112K
  class space    used 7766K, committed 8320K, reserved 1048576K
}
Event: 2104.761 GC heap after
{Heap after GC invocations=364 (full 0):
 garbage-first heap   total 79872K, used 33642K [0x0000000081600000, 0x0000000100000000)
  region size 1024K, 1 young (1024K), 1 survivors (1024K)
 Metaspace       used 60405K, committed 61696K, reserved 1114112K
  class space    used 7766K, committed 8320K, reserved 1048576K
}
Event: 2114.752 GC heap before
{Heap before GC invocations=365 (full 0):
 garbage-first heap   total 79872K, used 72554K [0x0000000081600000, 0x0000000100000000)
  region size 1024K, 39 young (39936K), 1 survivors (1024K)
 Metaspace       used 60407K, committed 61696K, reserved 1114112K
  class space    used 7766K, committed 8320K, reserved 1048576K
}
Event: 2114.753 GC heap after
{Heap after GC invocations=366 (full 0):
 garbage-first heap   total 79872K, used 33936K [0x0000000081600000, 0x0000000100000000)
  region size 1024K, 1 young (1024K), 1 survivors (1024K)
 Metaspace       used 60407K, committed 61696K, reserved 1114112K
  class space    used 7766K, committed 8320K, reserved 1048576K
}
Event: 2124.748 GC heap before
{Heap before GC invocations=366 (full 0):
 garbage-first heap   total 79872K, used 72848K [0x0000000081600000, 0x0000000100000000)
  region size 1024K, 39 young (39936K), 1 survivors (1024K)
 Metaspace       used 60429K, committed 61696K, reserved 1114112K
  class space    used 7766K, committed 8320K, reserved 1048576K
}
Event: 2124.757 GC heap after
{Heap after GC invocations=367 (full 0):
 garbage-first heap   total 79872K, used 33124K [0x0000000081600000, 0x0000000100000000)
  region size 1024K, 1 young (1024K), 1 survivors (1024K)
 Metaspace       used 60429K, committed 61696K, reserved 1114112K
  class space    used 7766K, committed 8320K, reserved 1048576K
}
Event: 2134.762 GC heap before
{Heap before GC invocations=367 (full 0):
 garbage-first heap   total 79872K, used 72036K [0x0000000081600000, 0x0000000100000000)
  region size 1024K, 39 young (39936K), 1 survivors (1024K)
 Metaspace       used 60429K, committed 61696K, reserved 1114112K
  class space    used 7766K, committed 8320K, reserved 1048576K
}
Event: 2134.763 GC heap after
{Heap after GC invocations=368 (full 0):
 garbage-first heap   total 79872K, used 33230K [0x0000000081600000, 0x0000000100000000)
  region size 1024K, 1 young (1024K), 1 survivors (1024K)
 Metaspace       used 60429K, committed 61696K, reserved 1114112K
  class space    used 7766K, committed 8320K, reserved 1048576K
}

