# JRE version: Java(TM) SE Runtime Environment (21.0.2+13) (build 21.0.2+13-LTS-58)
# Java VM: Java HotSpot(TM) 64-Bit Server VM (21.0.2+13-LTS-58, mixed mode, sharing, tiered, compressed oops, compressed class ptrs, g1 gc, windows-amd64)
GC Precious Log:
 CardTable entry size: 512
 Card Set container configuration: InlinePtr #cards 5 size 8 Array Of Cards #cards 12 size 40 Howl #buckets 4 coarsen threshold 1843 Howl Bitmap #cards 512 size 80 coarsen threshold 460 Card regions per heap region 1 cards per card region 2048
 CPUs: 8 total, 8 available
 Memory: 8099M
 Large Page Support: Disabled
 NUMA Support: Disabled
 Compressed Oops: Enabled (32-bit)
 Heap Region Size: 1M
 Heap Min Capacity: 8M
 Heap Initial Capacity: 128M
 Heap Max Capacity: 2026M
 Pre-touch: Disabled
 Parallel Workers: 8
 Concurrent Workers: 2
 Concurrent Refinement Workers: 8
 Periodic GC: Disabled
Heap:
 garbage-first heap   total 599040K, used 581545K [0x0000000081600000, 0x0000000100000000)
  region size 1024K, 1 young (1024K), 1 survivors (1024K)
 Metaspace       used 73187K, committed 74048K, reserved 1114112K
  class space    used 8986K, committed 9408K, reserved 1048576K
GC Heap History (20 events):
Event: 750.832 GC heap after
{Heap after GC invocations=659 (full 0):
 garbage-first heap   total 521216K, used 266439K [0x0000000081600000, 0x0000000100000000)
  region size 1024K, 1 young (1024K), 1 survivors (1024K)
 Metaspace       used 73187K, committed 74048K, reserved 1114112K
  class space    used 8986K, committed 9408K, reserved 1048576K
}
Event: 752.211 GC heap before
{Heap before GC invocations=660 (full 0):
 garbage-first heap   total 516096K, used 514247K [0x0000000081600000, 0x0000000100000000)
  region size 1024K, 69 young (70656K), 1 survivors (1024K)
 Metaspace       used 73187K, committed 74048K, reserved 1114112K
  class space    used 8986K, committed 9408K, reserved 1048576K
}
Event: 752.265 GC heap after
{Heap after GC invocations=661 (full 0):
 garbage-first heap   total 517120K, used 445342K [0x0000000081600000, 0x0000000100000000)
  region size 1024K, 1 young (1024K), 1 survivors (1024K)
 Metaspace       used 73187K, committed 74048K, reserved 1114112K
  class space    used 8986K, committed 9408K, reserved 1048576K
}
Event: 752.741 GC heap before
{Heap before GC invocations=661 (full 0):
 garbage-first heap   total 523264K, used 521118K [0x0000000081600000, 0x0000000100000000)
  region size 1024K, 13 young (13312K), 1 survivors (1024K)
 Metaspace       used 73187K, committed 74048K, reserved 1114112K
  class space    used 8986K, committed 9408K, reserved 1048576K
}
Event: 752.759 GC heap after
{Heap after GC invocations=662 (full 0):
 garbage-first heap   total 525312K, used 510039K [0x0000000081600000, 0x0000000100000000)
  region size 1024K, 1 young (1024K), 1 survivors (1024K)
 Metaspace       used 73187K, committed 74048K, reserved 1114112K
  class space    used 8986K, committed 9408K, reserved 1048576K
}
Event: 752.764 GC heap before
{Heap before GC invocations=662 (full 0):
 garbage-first heap   total 525312K, used 510039K [0x0000000081600000, 0x0000000100000000)
  region size 1024K, 2 young (2048K), 1 survivors (1024K)
 Metaspace       used 73187K, committed 74048K, reserved 1114112K
  class space    used 8986K, committed 9408K, reserved 1048576K
}
Event: 752.766 GC heap after
{Heap after GC invocations=663 (full 0):
 garbage-first heap   total 525312K, used 510182K [0x0000000081600000, 0x0000000100000000)
  region size 1024K, 1 young (1024K), 1 survivors (1024K)
 Metaspace       used 73187K, committed 74048K, reserved 1114112K
  class space    used 8986K, committed 9408K, reserved 1048576K
}
Event: 753.146 GC heap before
{Heap before GC invocations=664 (full 0):
 garbage-first heap   total 535552K, used 228582K [0x0000000081600000, 0x0000000100000000)
  region size 1024K, 14 young (14336K), 1 survivors (1024K)
 Metaspace       used 73187K, committed 74048K, reserved 1114112K
  class space    used 8986K, committed 9408K, reserved 1048576K
}
Event: 753.165 GC heap after
{Heap after GC invocations=665 (full 0):
 garbage-first heap   total 535552K, used 215988K [0x0000000081600000, 0x0000000100000000)
  region size 1024K, 1 young (1024K), 1 survivors (1024K)
 Metaspace       used 73187K, committed 74048K, reserved 1114112K
  class space    used 8986K, committed 9408K, reserved 1048576K
}
Event: 753.170 GC heap before
{Heap before GC invocations=665 (full 0):
 garbage-first heap   total 535552K, used 215988K [0x0000000081600000, 0x0000000100000000)
  region size 1024K, 3 young (3072K), 1 survivors (1024K)
 Metaspace       used 73187K, committed 74048K, reserved 1114112K
  class space    used 8986K, committed 9408K, reserved 1048576K
}
Event: 753.172 GC heap after
{Heap after GC invocations=666 (full 0):
 garbage-first heap   total 598016K, used 216272K [0x0000000081600000, 0x0000000100000000)
  region size 1024K, 1 young (1024K), 1 survivors (1024K)
 Metaspace       used 73187K, committed 74048K, reserved 1114112K
  class space    used 8986K, committed 9408K, reserved 1048576K
}
Event: 753.176 GC heap before
{Heap before GC invocations=666 (full 0):
 garbage-first heap   total 598016K, used 217296K [0x0000000081600000, 0x0000000100000000)
  region size 1024K, 1 young (1024K), 1 survivors (1024K)
 Metaspace       used 73187K, committed 74048K, reserved 1114112K
  class space    used 8986K, committed 9408K, reserved 1048576K
}
Event: 753.178 GC heap after
{Heap after GC invocations=667 (full 0):
 garbage-first heap   total 598016K, used 216881K [0x0000000081600000, 0x0000000100000000)
  region size 1024K, 1 young (1024K), 1 survivors (1024K)
 Metaspace       used 73187K, committed 74048K, reserved 1114112K
  class space    used 8986K, committed 9408K, reserved 1048576K
}
Event: 754.614 GC heap before
{Heap before GC invocations=668 (full 0):
 garbage-first heap   total 569344K, used 567089K [0x0000000081600000, 0x0000000100000000)
  region size 1024K, 72 young (73728K), 1 survivors (1024K)
 Metaspace       used 73187K, committed 74048K, reserved 1114112K
  class space    used 8986K, committed 9408K, reserved 1048576K
}
Event: 754.692 GC heap after
{Heap after GC invocations=669 (full 0):
 garbage-first heap   total 570368K, used 495536K [0x0000000081600000, 0x0000000100000000)
  region size 1024K, 1 young (1024K), 1 survivors (1024K)
 Metaspace       used 73187K, committed 74048K, reserved 1114112K
  class space    used 8986K, committed 9408K, reserved 1048576K
}
Event: 754.923 GC heap before
{Heap before GC invocations=669 (full 0):
 garbage-first heap   total 573440K, used 571312K [0x0000000081600000, 0x0000000100000000)
  region size 1024K, 13 young (13312K), 1 survivors (1024K)
 Metaspace       used 73187K, committed 74048K, reserved 1114112K
  class space    used 8986K, committed 9408K, reserved 1048576K
}
Event: 754.938 GC heap after
{Heap after GC invocations=670 (full 0):
 garbage-first heap   total 575488K, used 560197K [0x0000000081600000, 0x0000000100000000)
  region size 1024K, 1 young (1024K), 1 survivors (1024K)
 Metaspace       used 73187K, committed 74048K, reserved 1114112K
  class space    used 8986K, committed 9408K, reserved 1048576K
}
Event: 754.940 GC heap before
{Heap before GC invocations=670 (full 0):
 garbage-first heap   total 575488K, used 560197K [0x0000000081600000, 0x0000000100000000)
  region size 1024K, 2 young (2048K), 1 survivors (1024K)
 Metaspace       used 73187K, committed 74048K, reserved 1114112K
  class space    used 8986K, committed 9408K, reserved 1048576K
}
Event: 754.941 GC heap after
{Heap after GC invocations=671 (full 0):
 garbage-first heap   total 575488K, used 560328K [0x0000000081600000, 0x0000000100000000)
  region size 1024K, 1 young (1024K), 1 survivors (1024K)
 Metaspace       used 73187K, committed 74048K, reserved 1114112K
  class space    used 8986K, committed 9408K, reserved 1048576K
}
Event: 755.015 GC heap before
{Heap before GC invocations=671 (full 0):
 garbage-first heap   total 585728K, used 583880K [0x0000000081600000, 0x0000000100000000)
  region size 1024K, 4 young (4096K), 1 survivors (1024K)
 Metaspace       used 73187K, committed 74048K, reserved 1114112K
  class space    used 8986K, committed 9408K, reserved 1048576K
}

