# JRE version: OpenJDK Runtime Environment Temurin-21.0.6+7 (21.0.6+7) (build 21.0.6+7-LTS)
# Java VM: OpenJDK 64-Bit Server VM Temurin-21.0.6+7 (21.0.6+7-LTS, mixed mode, sharing, tiered, compressed oops, compressed class ptrs, parallel gc, windows-amd64)
GC Precious Log:
 CardTable entry size: 512
 CPUs: 8 total, 8 available
 Memory: 8099M
 Large Page Support: Disabled
 NUMA Support: Disabled
 Compressed Oops: Enabled (32-bit)
 Alignments: Space 512K, Generation 512K, Heap 2M
 Heap Min Capacity: 100M
 Heap Initial Capacity: 100M
 Heap Max Capacity: 1G
 Pre-touch: Disabled
 Parallel Workers: 8
Heap:
 PSYoungGen      total 2048K, used 1562K [0x00000000eab00000, 0x00000000eae80000, 0x0000000100000000)
  eden space 1536K, 80% used [0x00000000eab00000,0x00000000eac36960,0x00000000eac80000)
  from space 512K, 62% used [0x00000000eae00000,0x00000000eae50000,0x00000000eae80000)
  to   space 512K, 0% used [0x00000000ead80000,0x00000000ead80000,0x00000000eae00000)
 ParOldGen       total 254464K, used 253995K [0x00000000c0000000, 0x00000000cf880000, 0x00000000eab00000)
  object space 254464K, 99% used [0x00000000c0000000,0x00000000cf80ad78,0x00000000cf880000)
 Metaspace       used 56943K, committed 58176K, reserved 1114112K
  class space    used 5934K, committed 6464K, reserved 1048576K
GC Heap History (20 events):
Event: 24.267 GC heap before
{Heap before GC invocations=370 (full 2):
 PSYoungGen      total 2560K, used 2464K [0x00000000eab00000, 0x00000000eae80000, 0x0000000100000000)
  eden space 2048K, 100% used [0x00000000eab00000,0x00000000ead00000,0x00000000ead00000)
  from space 512K, 81% used [0x00000000ead80000,0x00000000eade8000,0x00000000eae00000)
  to   space 512K, 0% used [0x00000000eae00000,0x00000000eae00000,0x00000000eae80000)
 ParOldGen       total 250880K, used 250524K [0x00000000c0000000, 0x00000000cf500000, 0x00000000eab00000)
  object space 250880K, 99% used [0x00000000c0000000,0x00000000cf4a73e8,0x00000000cf500000)
 Metaspace       used 56628K, committed 57920K, reserved 1114112K
  class space    used 5896K, committed 6464K, reserved 1048576K
}
Event: 24.268 GC heap after
{Heap after GC invocations=370 (full 2):
 PSYoungGen      total 2560K, used 434K [0x00000000eab00000, 0x00000000eae80000, 0x0000000100000000)
  eden space 2048K, 0% used [0x00000000eab00000,0x00000000eab00000,0x00000000ead00000)
  from space 512K, 84% used [0x00000000eae00000,0x00000000eae6cb80,0x00000000eae80000)
  to   space 512K, 0% used [0x00000000ead80000,0x00000000ead80000,0x00000000eae00000)
 ParOldGen       total 250880K, used 250818K [0x00000000c0000000, 0x00000000cf500000, 0x00000000eab00000)
  object space 250880K, 99% used [0x00000000c0000000,0x00000000cf4f0980,0x00000000cf500000)
 Metaspace       used 56628K, committed 57920K, reserved 1114112K
  class space    used 5896K, committed 6464K, reserved 1048576K
}
Event: 24.281 GC heap before
{Heap before GC invocations=371 (full 2):
 PSYoungGen      total 2560K, used 2482K [0x00000000eab00000, 0x00000000eae80000, 0x0000000100000000)
  eden space 2048K, 100% used [0x00000000eab00000,0x00000000ead00000,0x00000000ead00000)
  from space 512K, 84% used [0x00000000eae00000,0x00000000eae6cb80,0x00000000eae80000)
  to   space 512K, 0% used [0x00000000ead80000,0x00000000ead80000,0x00000000eae00000)
 ParOldGen       total 250880K, used 250818K [0x00000000c0000000, 0x00000000cf500000, 0x00000000eab00000)
  object space 250880K, 99% used [0x00000000c0000000,0x00000000cf4f0980,0x00000000cf500000)
 Metaspace       used 56645K, committed 57920K, reserved 1114112K
  class space    used 5899K, committed 6464K, reserved 1048576K
}
Event: 24.284 GC heap after
{Heap after GC invocations=371 (full 2):
 PSYoungGen      total 2560K, used 416K [0x00000000eab00000, 0x00000000eae80000, 0x0000000100000000)
  eden space 2048K, 0% used [0x00000000eab00000,0x00000000eab00000,0x00000000ead00000)
  from space 512K, 81% used [0x00000000ead80000,0x00000000eade8000,0x00000000eae00000)
  to   space 512K, 0% used [0x00000000eae00000,0x00000000eae00000,0x00000000eae80000)
 ParOldGen       total 251392K, used 251104K [0x00000000c0000000, 0x00000000cf580000, 0x00000000eab00000)
  object space 251392K, 99% used [0x00000000c0000000,0x00000000cf5381f8,0x00000000cf580000)
 Metaspace       used 56645K, committed 57920K, reserved 1114112K
  class space    used 5899K, committed 6464K, reserved 1048576K
}
Event: 24.320 GC heap before
{Heap before GC invocations=372 (full 2):
 PSYoungGen      total 2560K, used 2464K [0x00000000eab00000, 0x00000000eae80000, 0x0000000100000000)
  eden space 2048K, 100% used [0x00000000eab00000,0x00000000ead00000,0x00000000ead00000)
  from space 512K, 81% used [0x00000000ead80000,0x00000000eade8000,0x00000000eae00000)
  to   space 512K, 0% used [0x00000000eae00000,0x00000000eae00000,0x00000000eae80000)
 ParOldGen       total 251392K, used 251104K [0x00000000c0000000, 0x00000000cf580000, 0x00000000eab00000)
  object space 251392K, 99% used [0x00000000c0000000,0x00000000cf5381f8,0x00000000cf580000)
 Metaspace       used 56718K, committed 57984K, reserved 1114112K
  class space    used 5905K, committed 6464K, reserved 1048576K
}
Event: 24.322 GC heap after
{Heap after GC invocations=372 (full 2):
 PSYoungGen      total 2048K, used 512K [0x00000000eab00000, 0x00000000eb000000, 0x0000000100000000)
  eden space 1536K, 0% used [0x00000000eab00000,0x00000000eab00000,0x00000000eac80000)
  from space 512K, 100% used [0x00000000eae00000,0x00000000eae80000,0x00000000eae80000)
  to   space 1536K, 0% used [0x00000000eac80000,0x00000000eac80000,0x00000000eae00000)
 ParOldGen       total 251904K, used 251548K [0x00000000c0000000, 0x00000000cf600000, 0x00000000eab00000)
  object space 251904K, 99% used [0x00000000c0000000,0x00000000cf5a73f0,0x00000000cf600000)
 Metaspace       used 56718K, committed 57984K, reserved 1114112K
  class space    used 5905K, committed 6464K, reserved 1048576K
}
Event: 24.338 GC heap before
{Heap before GC invocations=373 (full 2):
 PSYoungGen      total 2048K, used 2048K [0x00000000eab00000, 0x00000000eb000000, 0x0000000100000000)
  eden space 1536K, 100% used [0x00000000eab00000,0x00000000eac80000,0x00000000eac80000)
  from space 512K, 100% used [0x00000000eae00000,0x00000000eae80000,0x00000000eae80000)
  to   space 1536K, 0% used [0x00000000eac80000,0x00000000eac80000,0x00000000eae00000)
 ParOldGen       total 251904K, used 251548K [0x00000000c0000000, 0x00000000cf600000, 0x00000000eab00000)
  object space 251904K, 99% used [0x00000000c0000000,0x00000000cf5a73f0,0x00000000cf600000)
 Metaspace       used 56737K, committed 57984K, reserved 1114112K
  class space    used 5909K, committed 6464K, reserved 1048576K
}
Event: 24.340 GC heap after
{Heap after GC invocations=373 (full 2):
 PSYoungGen      total 3072K, used 256K [0x00000000eab00000, 0x00000000eae80000, 0x0000000100000000)
  eden space 1536K, 0% used [0x00000000eab00000,0x00000000eab00000,0x00000000eac80000)
  from space 1536K, 16% used [0x00000000eac80000,0x00000000eacc0000,0x00000000eae00000)
  to   space 512K, 0% used [0x00000000eae00000,0x00000000eae00000,0x00000000eae80000)
 ParOldGen       total 252416K, used 252049K [0x00000000c0000000, 0x00000000cf680000, 0x00000000eab00000)
  object space 252416K, 99% used [0x00000000c0000000,0x00000000cf624730,0x00000000cf680000)
 Metaspace       used 56737K, committed 57984K, reserved 1114112K
  class space    used 5909K, committed 6464K, reserved 1048576K
}
Event: 24.344 GC heap before
{Heap before GC invocations=374 (full 2):
 PSYoungGen      total 3072K, used 1791K [0x00000000eab00000, 0x00000000eae80000, 0x0000000100000000)
  eden space 1536K, 99% used [0x00000000eab00000,0x00000000eac7ffd0,0x00000000eac80000)
  from space 1536K, 16% used [0x00000000eac80000,0x00000000eacc0000,0x00000000eae00000)
  to   space 512K, 0% used [0x00000000eae00000,0x00000000eae00000,0x00000000eae80000)
 ParOldGen       total 252416K, used 252049K [0x00000000c0000000, 0x00000000cf680000, 0x00000000eab00000)
  object space 252416K, 99% used [0x00000000c0000000,0x00000000cf624730,0x00000000cf680000)
 Metaspace       used 56737K, committed 57984K, reserved 1114112K
  class space    used 5909K, committed 6464K, reserved 1048576K
}
Event: 24.346 GC heap after
{Heap after GC invocations=374 (full 2):
 PSYoungGen      total 2048K, used 512K [0x00000000eab00000, 0x00000000eae80000, 0x0000000100000000)
  eden space 1536K, 0% used [0x00000000eab00000,0x00000000eab00000,0x00000000eac80000)
  from space 512K, 100% used [0x00000000eae00000,0x00000000eae80000,0x00000000eae80000)
  to   space 1024K, 0% used [0x00000000eac80000,0x00000000eac80000,0x00000000ead80000)
 ParOldGen       total 252416K, used 252305K [0x00000000c0000000, 0x00000000cf680000, 0x00000000eab00000)
  object space 252416K, 99% used [0x00000000c0000000,0x00000000cf664730,0x00000000cf680000)
 Metaspace       used 56737K, committed 57984K, reserved 1114112K
  class space    used 5909K, committed 6464K, reserved 1048576K
}
Event: 24.369 GC heap before
{Heap before GC invocations=375 (full 2):
 PSYoungGen      total 2048K, used 2048K [0x00000000eab00000, 0x00000000eae80000, 0x0000000100000000)
  eden space 1536K, 100% used [0x00000000eab00000,0x00000000eac80000,0x00000000eac80000)
  from space 512K, 100% used [0x00000000eae00000,0x00000000eae80000,0x00000000eae80000)
  to   space 1024K, 0% used [0x00000000eac80000,0x00000000eac80000,0x00000000ead80000)
 ParOldGen       total 252416K, used 252305K [0x00000000c0000000, 0x00000000cf680000, 0x00000000eab00000)
  object space 252416K, 99% used [0x00000000c0000000,0x00000000cf664730,0x00000000cf680000)
 Metaspace       used 56764K, committed 58048K, reserved 1114112K
  class space    used 5913K, committed 6464K, reserved 1048576K
}
Event: 24.370 GC heap after
{Heap after GC invocations=375 (full 2):
 PSYoungGen      total 2560K, used 320K [0x00000000eab00000, 0x00000000eae80000, 0x0000000100000000)
  eden space 1536K, 0% used [0x00000000eab00000,0x00000000eab00000,0x00000000eac80000)
  from space 1024K, 31% used [0x00000000eac80000,0x00000000eacd0000,0x00000000ead80000)
  to   space 512K, 0% used [0x00000000eae00000,0x00000000eae00000,0x00000000eae80000)
 ParOldGen       total 252928K, used 252832K [0x00000000c0000000, 0x00000000cf700000, 0x00000000eab00000)
  object space 252928K, 99% used [0x00000000c0000000,0x00000000cf6e8058,0x00000000cf700000)
 Metaspace       used 56764K, committed 58048K, reserved 1114112K
  class space    used 5913K, committed 6464K, reserved 1048576K
}
Event: 24.382 GC heap before
{Heap before GC invocations=376 (full 2):
 PSYoungGen      total 2560K, used 1856K [0x00000000eab00000, 0x00000000eae80000, 0x0000000100000000)
  eden space 1536K, 100% used [0x00000000eab00000,0x00000000eac80000,0x00000000eac80000)
  from space 1024K, 31% used [0x00000000eac80000,0x00000000eacd0000,0x00000000ead80000)
  to   space 512K, 0% used [0x00000000eae00000,0x00000000eae00000,0x00000000eae80000)
 ParOldGen       total 252928K, used 252832K [0x00000000c0000000, 0x00000000cf700000, 0x00000000eab00000)
  object space 252928K, 99% used [0x00000000c0000000,0x00000000cf6e8058,0x00000000cf700000)
 Metaspace       used 56793K, committed 58048K, reserved 1114112K
  class space    used 5918K, committed 6464K, reserved 1048576K
}
Event: 24.384 GC heap after
{Heap after GC invocations=376 (full 2):
 PSYoungGen      total 2048K, used 512K [0x00000000eab00000, 0x00000000eae80000, 0x0000000100000000)
  eden space 1536K, 0% used [0x00000000eab00000,0x00000000eab00000,0x00000000eac80000)
  from space 512K, 100% used [0x00000000eae00000,0x00000000eae80000,0x00000000eae80000)
  to   space 1024K, 0% used [0x00000000eac80000,0x00000000eac80000,0x00000000ead80000)
 ParOldGen       total 253440K, used 253082K [0x00000000c0000000, 0x00000000cf780000, 0x00000000eab00000)
  object space 253440K, 99% used [0x00000000c0000000,0x00000000cf726940,0x00000000cf780000)
 Metaspace       used 56793K, committed 58048K, reserved 1114112K
  class space    used 5918K, committed 6464K, reserved 1048576K
}
Event: 24.394 GC heap before
{Heap before GC invocations=377 (full 2):
 PSYoungGen      total 2048K, used 2048K [0x00000000eab00000, 0x00000000eae80000, 0x0000000100000000)
  eden space 1536K, 100% used [0x00000000eab00000,0x00000000eac80000,0x00000000eac80000)
  from space 512K, 100% used [0x00000000eae00000,0x00000000eae80000,0x00000000eae80000)
  to   space 1024K, 0% used [0x00000000eac80000,0x00000000eac80000,0x00000000ead80000)
 ParOldGen       total 253440K, used 253082K [0x00000000c0000000, 0x00000000cf780000, 0x00000000eab00000)
  object space 253440K, 99% used [0x00000000c0000000,0x00000000cf726940,0x00000000cf780000)
 Metaspace       used 56834K, committed 58048K, reserved 1114112K
  class space    used 5926K, committed 6464K, reserved 1048576K
}
Event: 24.395 GC heap after
{Heap after GC invocations=377 (full 2):
 PSYoungGen      total 2560K, used 256K [0x00000000eab00000, 0x00000000eae80000, 0x0000000100000000)
  eden space 1536K, 0% used [0x00000000eab00000,0x00000000eab00000,0x00000000eac80000)
  from space 1024K, 25% used [0x00000000eac80000,0x00000000eacc0000,0x00000000ead80000)
  to   space 512K, 0% used [0x00000000eae00000,0x00000000eae00000,0x00000000eae80000)
 ParOldGen       total 253440K, used 253439K [0x00000000c0000000, 0x00000000cf780000, 0x00000000eab00000)
  object space 253440K, 99% used [0x00000000c0000000,0x00000000cf77fc68,0x00000000cf780000)
 Metaspace       used 56834K, committed 58048K, reserved 1114112K
  class space    used 5926K, committed 6464K, reserved 1048576K
}
Event: 24.412 GC heap before
{Heap before GC invocations=378 (full 2):
 PSYoungGen      total 2560K, used 1792K [0x00000000eab00000, 0x00000000eae80000, 0x0000000100000000)
  eden space 1536K, 100% used [0x00000000eab00000,0x00000000eac80000,0x00000000eac80000)
  from space 1024K, 25% used [0x00000000eac80000,0x00000000eacc0000,0x00000000ead80000)
  to   space 512K, 0% used [0x00000000eae00000,0x00000000eae00000,0x00000000eae80000)
 ParOldGen       total 253440K, used 253439K [0x00000000c0000000, 0x00000000cf780000, 0x00000000eab00000)
  object space 253440K, 99% used [0x00000000c0000000,0x00000000cf77fc68,0x00000000cf780000)
 Metaspace       used 56846K, committed 58112K, reserved 1114112K
  class space    used 5927K, committed 6464K, reserved 1048576K
}
Event: 24.414 GC heap after
{Heap after GC invocations=378 (full 2):
 PSYoungGen      total 2048K, used 320K [0x00000000eab00000, 0x00000000eae80000, 0x0000000100000000)
  eden space 1536K, 0% used [0x00000000eab00000,0x00000000eab00000,0x00000000eac80000)
  from space 512K, 62% used [0x00000000eae00000,0x00000000eae50000,0x00000000eae80000)
  to   space 512K, 0% used [0x00000000ead80000,0x00000000ead80000,0x00000000eae00000)
 ParOldGen       total 253952K, used 253635K [0x00000000c0000000, 0x00000000cf800000, 0x00000000eab00000)
  object space 253952K, 99% used [0x00000000c0000000,0x00000000cf7b0d78,0x00000000cf800000)
 Metaspace       used 56846K, committed 58112K, reserved 1114112K
  class space    used 5927K, committed 6464K, reserved 1048576K
}
Event: 24.434 GC heap before
{Heap before GC invocations=379 (full 2):
 PSYoungGen      total 2048K, used 1856K [0x00000000eab00000, 0x00000000eae80000, 0x0000000100000000)
  eden space 1536K, 100% used [0x00000000eab00000,0x00000000eac80000,0x00000000eac80000)
  from space 512K, 62% used [0x00000000eae00000,0x00000000eae50000,0x00000000eae80000)
  to   space 512K, 0% used [0x00000000ead80000,0x00000000ead80000,0x00000000eae00000)
 ParOldGen       total 253952K, used 253635K [0x00000000c0000000, 0x00000000cf800000, 0x00000000eab00000)
  object space 253952K, 99% used [0x00000000c0000000,0x00000000cf7b0d78,0x00000000cf800000)
 Metaspace       used 56941K, committed 58176K, reserved 1114112K
  class space    used 5934K, committed 6464K, reserved 1048576K
}
Event: 24.436 GC heap after
{Heap after GC invocations=379 (full 2):
 PSYoungGen      total 2048K, used 224K [0x00000000eab00000, 0x00000000eae80000, 0x0000000100000000)
  eden space 1536K, 0% used [0x00000000eab00000,0x00000000eab00000,0x00000000eac80000)
  from space 512K, 43% used [0x00000000ead80000,0x00000000eadb8000,0x00000000eae00000)
  to   space 512K, 0% used [0x00000000eae00000,0x00000000eae00000,0x00000000eae80000)
 ParOldGen       total 253952K, used 253843K [0x00000000c0000000, 0x00000000cf800000, 0x00000000eab00000)
  object space 253952K, 99% used [0x00000000c0000000,0x00000000cf7e4d78,0x00000000cf800000)
 Metaspace       used 56941K, committed 58176K, reserved 1114112K
  class space    used 5934K, committed 6464K, reserved 1048576K
}

