# JRE version: OpenJDK Runtime Environment Temurin-21.0.6+7 (21.0.6+7) (build 21.0.6+7-LTS)
# Java VM: OpenJDK 64-Bit Server VM Temurin-21.0.6+7 (21.0.6+7-LTS, mixed mode, sharing, tiered, compressed oops, compressed class ptrs, g1 gc, windows-amd64)
GC Precious Log:
 CardTable entry size: 512
 Card Set container configuration: InlinePtr #cards 5 size 8 Array Of Cards #cards 12 size 40 Howl #buckets 4 coarsen threshold 1843 Howl Bitmap #cards 512 size 80 coarsen threshold 460 Card regions per heap region 1 cards per card region 2048
 CPUs: 8 total, 8 available
 Memory: 8099M
 Large Page Support: Disabled
 NUMA Support: Disabled
 Compressed Oops: Enabled (32-bit)
 Heap Region Size: 1M
 Heap Min Capacity: 8M
 Heap Initial Capacity: 128M
 Heap Max Capacity: 2026M
 Pre-touch: Disabled
 Parallel Workers: 8
 Concurrent Workers: 2
 Concurrent Refinement Workers: 8
 Periodic GC: Disabled
Heap:
 garbage-first heap   total 73728K, used 39501K [0x0000000081600000, 0x0000000100000000)
  region size 1024K, 11 young (11264K), 2 survivors (2048K)
 Metaspace       used 53291K, committed 54016K, reserved 1114112K
  class space    used 6885K, committed 7232K, reserved 1048576K
GC Heap History (20 events):
Event: 0.572 GC heap before
{Heap before GC invocations=0 (full 0):
 garbage-first heap   total 131072K, used 25599K [0x0000000081600000, 0x0000000100000000)
  region size 1024K, 23 young (23552K), 0 survivors (0K)
 Metaspace       used 7151K, committed 7424K, reserved 1114112K
  class space    used 802K, committed 960K, reserved 1048576K
}
Event: 0.577 GC heap after
{Heap after GC invocations=1 (full 0):
 garbage-first heap   total 131072K, used 8533K [0x0000000081600000, 0x0000000100000000)
  region size 1024K, 3 young (3072K), 3 survivors (3072K)
 Metaspace       used 7151K, committed 7424K, reserved 1114112K
  class space    used 802K, committed 960K, reserved 1048576K
}
Event: 0.969 GC heap before
{Heap before GC invocations=1 (full 0):
 garbage-first heap   total 131072K, used 39253K [0x0000000081600000, 0x0000000100000000)
  region size 1024K, 29 young (29696K), 3 survivors (3072K)
 Metaspace       used 12002K, committed 12224K, reserved 1114112K
  class space    used 1419K, committed 1536K, reserved 1048576K
}
Event: 0.977 GC heap after
{Heap after GC invocations=2 (full 0):
 garbage-first heap   total 131072K, used 13216K [0x0000000081600000, 0x0000000100000000)
  region size 1024K, 4 young (4096K), 4 survivors (4096K)
 Metaspace       used 12002K, committed 12224K, reserved 1114112K
  class space    used 1419K, committed 1536K, reserved 1048576K
}
Event: 1.435 GC heap before
{Heap before GC invocations=2 (full 0):
 garbage-first heap   total 131072K, used 52128K [0x0000000081600000, 0x0000000100000000)
  region size 1024K, 43 young (44032K), 4 survivors (4096K)
 Metaspace       used 20727K, committed 21056K, reserved 1114112K
  class space    used 2618K, committed 2752K, reserved 1048576K
}
Event: 1.440 GC heap after
{Heap after GC invocations=3 (full 0):
 garbage-first heap   total 131072K, used 16809K [0x0000000081600000, 0x0000000100000000)
  region size 1024K, 4 young (4096K), 4 survivors (4096K)
 Metaspace       used 20727K, committed 21056K, reserved 1114112K
  class space    used 2618K, committed 2752K, reserved 1048576K
}
Event: 1.448 GC heap before
{Heap before GC invocations=3 (full 0):
 garbage-first heap   total 131072K, used 18857K [0x0000000081600000, 0x0000000100000000)
  region size 1024K, 7 young (7168K), 4 survivors (4096K)
 Metaspace       used 21213K, committed 21504K, reserved 1114112K
  class space    used 2657K, committed 2816K, reserved 1048576K
}
Event: 1.450 GC heap after
{Heap after GC invocations=4 (full 0):
 garbage-first heap   total 131072K, used 16890K [0x0000000081600000, 0x0000000100000000)
  region size 1024K, 4 young (4096K), 4 survivors (4096K)
 Metaspace       used 21213K, committed 21504K, reserved 1114112K
  class space    used 2657K, committed 2816K, reserved 1048576K
}
Event: 1.844 GC heap before
{Heap before GC invocations=5 (full 0):
 garbage-first heap   total 61440K, used 48634K [0x0000000081600000, 0x0000000100000000)
  region size 1024K, 36 young (36864K), 4 survivors (4096K)
 Metaspace       used 25434K, committed 25728K, reserved 1114112K
  class space    used 3172K, committed 3328K, reserved 1048576K
}
Event: 1.848 GC heap after
{Heap after GC invocations=6 (full 0):
 garbage-first heap   total 61440K, used 18404K [0x0000000081600000, 0x0000000100000000)
  region size 1024K, 3 young (3072K), 3 survivors (3072K)
 Metaspace       used 25434K, committed 25728K, reserved 1114112K
  class space    used 3172K, committed 3328K, reserved 1048576K
}
Event: 2.479 GC heap before
{Heap before GC invocations=6 (full 0):
 garbage-first heap   total 61440K, used 46052K [0x0000000081600000, 0x0000000100000000)
  region size 1024K, 30 young (30720K), 3 survivors (3072K)
 Metaspace       used 29505K, committed 29888K, reserved 1114112K
  class space    used 3724K, committed 3904K, reserved 1048576K
}
Event: 2.484 GC heap after
{Heap after GC invocations=7 (full 0):
 garbage-first heap   total 73728K, used 20949K [0x0000000081600000, 0x0000000100000000)
  region size 1024K, 3 young (3072K), 3 survivors (3072K)
 Metaspace       used 29505K, committed 29888K, reserved 1114112K
  class space    used 3724K, committed 3904K, reserved 1048576K
}
Event: 3.041 GC heap before
{Heap before GC invocations=7 (full 0):
 garbage-first heap   total 73728K, used 54741K [0x0000000081600000, 0x0000000100000000)
  region size 1024K, 37 young (37888K), 3 survivors (3072K)
 Metaspace       used 35904K, committed 36416K, reserved 1114112K
  class space    used 4634K, committed 4864K, reserved 1048576K
}
Event: 3.048 GC heap after
{Heap after GC invocations=8 (full 0):
 garbage-first heap   total 73728K, used 23413K [0x0000000081600000, 0x0000000100000000)
  region size 1024K, 5 young (5120K), 5 survivors (5120K)
 Metaspace       used 35904K, committed 36416K, reserved 1114112K
  class space    used 4634K, committed 4864K, reserved 1048576K
}
Event: 3.902 GC heap before
{Heap before GC invocations=9 (full 0):
 garbage-first heap   total 73728K, used 60277K [0x0000000081600000, 0x0000000100000000)
  region size 1024K, 42 young (43008K), 5 survivors (5120K)
 Metaspace       used 42268K, committed 42944K, reserved 1114112K
  class space    used 5517K, committed 5824K, reserved 1048576K
}
Event: 3.917 GC heap after
{Heap after GC invocations=10 (full 0):
 garbage-first heap   total 73728K, used 27163K [0x0000000081600000, 0x0000000100000000)
  region size 1024K, 6 young (6144K), 6 survivors (6144K)
 Metaspace       used 42268K, committed 42944K, reserved 1114112K
  class space    used 5517K, committed 5824K, reserved 1048576K
}
Event: 4.819 GC heap before
{Heap before GC invocations=10 (full 0):
 garbage-first heap   total 73728K, used 61979K [0x0000000081600000, 0x0000000100000000)
  region size 1024K, 40 young (40960K), 6 survivors (6144K)
 Metaspace       used 48797K, committed 49536K, reserved 1114112K
  class space    used 6447K, committed 6784K, reserved 1048576K
}
Event: 4.829 GC heap after
{Heap after GC invocations=11 (full 0):
 garbage-first heap   total 73728K, used 29944K [0x0000000081600000, 0x0000000100000000)
  region size 1024K, 4 young (4096K), 4 survivors (4096K)
 Metaspace       used 48797K, committed 49536K, reserved 1114112K
  class space    used 6447K, committed 6784K, reserved 1048576K
}
Event: 2617.832 GC heap before
{Heap before GC invocations=11 (full 0):
 garbage-first heap   total 73728K, used 62712K [0x0000000081600000, 0x0000000100000000)
  region size 1024K, 36 young (36864K), 4 survivors (4096K)
 Metaspace       used 53040K, committed 53760K, reserved 1114112K
  class space    used 6884K, committed 7232K, reserved 1048576K
}
Event: 2617.862 GC heap after
{Heap after GC invocations=12 (full 0):
 garbage-first heap   total 73728K, used 31309K [0x0000000081600000, 0x0000000100000000)
  region size 1024K, 2 young (2048K), 2 survivors (2048K)
 Metaspace       used 53040K, committed 53760K, reserved 1114112K
  class space    used 6884K, committed 7232K, reserved 1048576K
}

