# JRE version: OpenJDK Runtime Environment Temurin-21.0.6+7 (21.0.6+7) (build 21.0.6+7-LTS)
# Java VM: OpenJDK 64-Bit Server VM Temurin-21.0.6+7 (21.0.6+7-LTS, mixed mode, sharing, tiered, compressed oops, compressed class ptrs, parallel gc, windows-amd64)
GC Precious Log:
 CardTable entry size: 512
 CPUs: 8 total, 8 available
 Memory: 8099M
 Large Page Support: Disabled
 NUMA Support: Disabled
 Compressed Oops: Enabled (32-bit)
 Alignments: Space 512K, Generation 512K, Heap 2M
 Heap Min Capacity: 100M
 Heap Initial Capacity: 100M
 Heap Max Capacity: 1G
 Pre-touch: Disabled
 Parallel Workers: 8
Heap:
 PSYoungGen      total 6144K, used 3073K [0x00000000eab00000, 0x00000000eb200000, 0x0000000100000000)
  eden space 5120K, 47% used [0x00000000eab00000,0x00000000ead5bc00,0x00000000eb000000)
  from space 1024K, 64% used [0x00000000eb100000,0x00000000eb1a4818,0x00000000eb200000)
  to   space 1024K, 0% used [0x00000000eb000000,0x00000000eb000000,0x00000000eb100000)
 ParOldGen       total 529408K, used 529088K [0x00000000c0000000, 0x00000000e0500000, 0x00000000eab00000)
  object space 529408K, 99% used [0x00000000c0000000,0x00000000e04b0068,0x00000000e0500000)
 Metaspace       used 67738K, committed 69248K, reserved 1114112K
  class space    used 6995K, committed 7616K, reserved 1048576K
GC Heap History (20 events):
Event: 25.205 GC heap before
{Heap before GC invocations=895 (full 3):
 PSYoungGen      total 6144K, used 5952K [0x00000000eab00000, 0x00000000eb280000, 0x0000000100000000)
  eden space 5120K, 100% used [0x00000000eab00000,0x00000000eb000000,0x00000000eb000000)
  from space 1024K, 81% used [0x00000000eb080000,0x00000000eb150000,0x00000000eb180000)
  to   space 1024K, 0% used [0x00000000eb180000,0x00000000eb180000,0x00000000eb280000)
 ParOldGen       total 523264K, used 522824K [0x00000000c0000000, 0x00000000dff00000, 0x00000000eab00000)
  object space 523264K, 99% used [0x00000000c0000000,0x00000000dfe921a8,0x00000000dff00000)
 Metaspace       used 67738K, committed 69248K, reserved 1114112K
  class space    used 6995K, committed 7616K, reserved 1048576K
}
Event: 25.207 GC heap after
{Heap after GC invocations=895 (full 3):
 PSYoungGen      total 6144K, used 800K [0x00000000eab00000, 0x00000000eb280000, 0x0000000100000000)
  eden space 5120K, 0% used [0x00000000eab00000,0x00000000eab00000,0x00000000eb000000)
  from space 1024K, 78% used [0x00000000eb180000,0x00000000eb248000,0x00000000eb280000)
  to   space 1024K, 0% used [0x00000000eb080000,0x00000000eb080000,0x00000000eb180000)
 ParOldGen       total 523776K, used 523520K [0x00000000c0000000, 0x00000000dff80000, 0x00000000eab00000)
  object space 523776K, 99% used [0x00000000c0000000,0x00000000dff401a8,0x00000000dff80000)
 Metaspace       used 67738K, committed 69248K, reserved 1114112K
  class space    used 6995K, committed 7616K, reserved 1048576K
}
Event: 25.219 GC heap before
{Heap before GC invocations=896 (full 3):
 PSYoungGen      total 6144K, used 5920K [0x00000000eab00000, 0x00000000eb280000, 0x0000000100000000)
  eden space 5120K, 100% used [0x00000000eab00000,0x00000000eb000000,0x00000000eb000000)
  from space 1024K, 78% used [0x00000000eb180000,0x00000000eb248000,0x00000000eb280000)
  to   space 1024K, 0% used [0x00000000eb080000,0x00000000eb080000,0x00000000eb180000)
 ParOldGen       total 523776K, used 523520K [0x00000000c0000000, 0x00000000dff80000, 0x00000000eab00000)
  object space 523776K, 99% used [0x00000000c0000000,0x00000000dff401a8,0x00000000dff80000)
 Metaspace       used 67738K, committed 69248K, reserved 1114112K
  class space    used 6995K, committed 7616K, reserved 1048576K
}
Event: 25.221 GC heap after
{Heap after GC invocations=896 (full 3):
 PSYoungGen      total 6144K, used 876K [0x00000000eab00000, 0x00000000eb200000, 0x0000000100000000)
  eden space 5120K, 0% used [0x00000000eab00000,0x00000000eab00000,0x00000000eb000000)
  from space 1024K, 85% used [0x00000000eb080000,0x00000000eb15b008,0x00000000eb180000)
  to   space 512K, 0% used [0x00000000eb180000,0x00000000eb180000,0x00000000eb200000)
 ParOldGen       total 524288K, used 524192K [0x00000000c0000000, 0x00000000e0000000, 0x00000000eab00000)
  object space 524288K, 99% used [0x00000000c0000000,0x00000000dffe81a8,0x00000000e0000000)
 Metaspace       used 67738K, committed 69248K, reserved 1114112K
  class space    used 6995K, committed 7616K, reserved 1048576K
}
Event: 25.231 GC heap before
{Heap before GC invocations=897 (full 3):
 PSYoungGen      total 6144K, used 5996K [0x00000000eab00000, 0x00000000eb200000, 0x0000000100000000)
  eden space 5120K, 100% used [0x00000000eab00000,0x00000000eb000000,0x00000000eb000000)
  from space 1024K, 85% used [0x00000000eb080000,0x00000000eb15b008,0x00000000eb180000)
  to   space 512K, 0% used [0x00000000eb180000,0x00000000eb180000,0x00000000eb200000)
 ParOldGen       total 524288K, used 524192K [0x00000000c0000000, 0x00000000e0000000, 0x00000000eab00000)
  object space 524288K, 99% used [0x00000000c0000000,0x00000000dffe81a8,0x00000000e0000000)
 Metaspace       used 67738K, committed 69248K, reserved 1114112K
  class space    used 6995K, committed 7616K, reserved 1048576K
}
Event: 25.232 GC heap after
{Heap after GC invocations=897 (full 3):
 PSYoungGen      total 5632K, used 491K [0x00000000eab00000, 0x00000000eb200000, 0x0000000100000000)
  eden space 5120K, 0% used [0x00000000eab00000,0x00000000eab00000,0x00000000eb000000)
  from space 512K, 96% used [0x00000000eb180000,0x00000000eb1faf80,0x00000000eb200000)
  to   space 1024K, 0% used [0x00000000eb080000,0x00000000eb080000,0x00000000eb180000)
 ParOldGen       total 525312K, used 525116K [0x00000000c0000000, 0x00000000e0100000, 0x00000000eab00000)
  object space 525312K, 99% used [0x00000000c0000000,0x00000000e00cf1b0,0x00000000e0100000)
 Metaspace       used 67738K, committed 69248K, reserved 1114112K
  class space    used 6995K, committed 7616K, reserved 1048576K
}
Event: 25.282 GC heap before
{Heap before GC invocations=898 (full 3):
 PSYoungGen      total 5632K, used 5611K [0x00000000eab00000, 0x00000000eb200000, 0x0000000100000000)
  eden space 5120K, 99% used [0x00000000eab00000,0x00000000eafffd78,0x00000000eb000000)
  from space 512K, 96% used [0x00000000eb180000,0x00000000eb1faf80,0x00000000eb200000)
  to   space 1024K, 0% used [0x00000000eb080000,0x00000000eb080000,0x00000000eb180000)
 ParOldGen       total 525312K, used 525116K [0x00000000c0000000, 0x00000000e0100000, 0x00000000eab00000)
  object space 525312K, 99% used [0x00000000c0000000,0x00000000e00cf1b0,0x00000000e0100000)
 Metaspace       used 67738K, committed 69248K, reserved 1114112K
  class space    used 6995K, committed 7616K, reserved 1048576K
}
Event: 25.285 GC heap after
{Heap after GC invocations=898 (full 3):
 PSYoungGen      total 6144K, used 576K [0x00000000eab00000, 0x00000000eb200000, 0x0000000100000000)
  eden space 5120K, 0% used [0x00000000eab00000,0x00000000eab00000,0x00000000eb000000)
  from space 1024K, 56% used [0x00000000eb080000,0x00000000eb110000,0x00000000eb180000)
  to   space 512K, 0% used [0x00000000eb180000,0x00000000eb180000,0x00000000eb200000)
 ParOldGen       total 525824K, used 525492K [0x00000000c0000000, 0x00000000e0180000, 0x00000000eab00000)
  object space 525824K, 99% used [0x00000000c0000000,0x00000000e012d1b0,0x00000000e0180000)
 Metaspace       used 67738K, committed 69248K, reserved 1114112K
  class space    used 6995K, committed 7616K, reserved 1048576K
}
Event: 25.319 GC heap before
{Heap before GC invocations=899 (full 3):
 PSYoungGen      total 6144K, used 5696K [0x00000000eab00000, 0x00000000eb200000, 0x0000000100000000)
  eden space 5120K, 100% used [0x00000000eab00000,0x00000000eb000000,0x00000000eb000000)
  from space 1024K, 56% used [0x00000000eb080000,0x00000000eb110000,0x00000000eb180000)
  to   space 512K, 0% used [0x00000000eb180000,0x00000000eb180000,0x00000000eb200000)
 ParOldGen       total 525824K, used 525492K [0x00000000c0000000, 0x00000000e0180000, 0x00000000eab00000)
  object space 525824K, 99% used [0x00000000c0000000,0x00000000e012d1b0,0x00000000e0180000)
 Metaspace       used 67738K, committed 69248K, reserved 1114112K
  class space    used 6995K, committed 7616K, reserved 1048576K
}
Event: 25.320 GC heap after
{Heap after GC invocations=899 (full 3):
 PSYoungGen      total 5632K, used 411K [0x00000000eab00000, 0x00000000eb200000, 0x0000000100000000)
  eden space 5120K, 0% used [0x00000000eab00000,0x00000000eab00000,0x00000000eb000000)
  from space 512K, 80% used [0x00000000eb180000,0x00000000eb1e6fe8,0x00000000eb200000)
  to   space 1024K, 0% used [0x00000000eb000000,0x00000000eb000000,0x00000000eb100000)
 ParOldGen       total 525824K, used 525684K [0x00000000c0000000, 0x00000000e0180000, 0x00000000eab00000)
  object space 525824K, 99% used [0x00000000c0000000,0x00000000e015d1b0,0x00000000e0180000)
 Metaspace       used 67738K, committed 69248K, reserved 1114112K
  class space    used 6995K, committed 7616K, reserved 1048576K
}
Event: 25.330 GC heap before
{Heap before GC invocations=900 (full 3):
 PSYoungGen      total 5632K, used 5527K [0x00000000eab00000, 0x00000000eb200000, 0x0000000100000000)
  eden space 5120K, 99% used [0x00000000eab00000,0x00000000eaffeeb0,0x00000000eb000000)
  from space 512K, 80% used [0x00000000eb180000,0x00000000eb1e6fe8,0x00000000eb200000)
  to   space 1024K, 0% used [0x00000000eb000000,0x00000000eb000000,0x00000000eb100000)
 ParOldGen       total 525824K, used 525684K [0x00000000c0000000, 0x00000000e0180000, 0x00000000eab00000)
  object space 525824K, 99% used [0x00000000c0000000,0x00000000e015d1b0,0x00000000e0180000)
 Metaspace       used 67738K, committed 69248K, reserved 1114112K
  class space    used 6995K, committed 7616K, reserved 1048576K
}
Event: 25.331 GC heap after
{Heap after GC invocations=900 (full 3):
 PSYoungGen      total 6144K, used 795K [0x00000000eab00000, 0x00000000eb200000, 0x0000000100000000)
  eden space 5120K, 0% used [0x00000000eab00000,0x00000000eab00000,0x00000000eb000000)
  from space 1024K, 77% used [0x00000000eb000000,0x00000000eb0c6c08,0x00000000eb100000)
  to   space 1024K, 0% used [0x00000000eb100000,0x00000000eb100000,0x00000000eb200000)
 ParOldGen       total 526336K, used 525975K [0x00000000c0000000, 0x00000000e0200000, 0x00000000eab00000)
  object space 526336K, 99% used [0x00000000c0000000,0x00000000e01a5c58,0x00000000e0200000)
 Metaspace       used 67738K, committed 69248K, reserved 1114112K
  class space    used 6995K, committed 7616K, reserved 1048576K
}
Event: 25.344 GC heap before
{Heap before GC invocations=901 (full 3):
 PSYoungGen      total 6144K, used 5902K [0x00000000eab00000, 0x00000000eb200000, 0x0000000100000000)
  eden space 5120K, 99% used [0x00000000eab00000,0x00000000eaffce58,0x00000000eb000000)
  from space 1024K, 77% used [0x00000000eb000000,0x00000000eb0c6c08,0x00000000eb100000)
  to   space 1024K, 0% used [0x00000000eb100000,0x00000000eb100000,0x00000000eb200000)
 ParOldGen       total 526336K, used 525975K [0x00000000c0000000, 0x00000000e0200000, 0x00000000eab00000)
  object space 526336K, 99% used [0x00000000c0000000,0x00000000e01a5c58,0x00000000e0200000)
 Metaspace       used 67738K, committed 69248K, reserved 1114112K
  class space    used 6995K, committed 7616K, reserved 1048576K
}
Event: 25.346 GC heap after
{Heap after GC invocations=901 (full 3):
 PSYoungGen      total 6144K, used 736K [0x00000000eab00000, 0x00000000eb200000, 0x0000000100000000)
  eden space 5120K, 0% used [0x00000000eab00000,0x00000000eab00000,0x00000000eb000000)
  from space 1024K, 71% used [0x00000000eb100000,0x00000000eb1b8000,0x00000000eb200000)
  to   space 1024K, 0% used [0x00000000eb000000,0x00000000eb000000,0x00000000eb100000)
 ParOldGen       total 526848K, used 526666K [0x00000000c0000000, 0x00000000e0280000, 0x00000000eab00000)
  object space 526848K, 99% used [0x00000000c0000000,0x00000000e0252860,0x00000000e0280000)
 Metaspace       used 67738K, committed 69248K, reserved 1114112K
  class space    used 6995K, committed 7616K, reserved 1048576K
}
Event: 25.360 GC heap before
{Heap before GC invocations=902 (full 3):
 PSYoungGen      total 6144K, used 5856K [0x00000000eab00000, 0x00000000eb200000, 0x0000000100000000)
  eden space 5120K, 100% used [0x00000000eab00000,0x00000000eb000000,0x00000000eb000000)
  from space 1024K, 71% used [0x00000000eb100000,0x00000000eb1b8000,0x00000000eb200000)
  to   space 1024K, 0% used [0x00000000eb000000,0x00000000eb000000,0x00000000eb100000)
 ParOldGen       total 526848K, used 526666K [0x00000000c0000000, 0x00000000e0280000, 0x00000000eab00000)
  object space 526848K, 99% used [0x00000000c0000000,0x00000000e0252860,0x00000000e0280000)
 Metaspace       used 67738K, committed 69248K, reserved 1114112K
  class space    used 6995K, committed 7616K, reserved 1048576K
}
Event: 25.362 GC heap after
{Heap after GC invocations=902 (full 3):
 PSYoungGen      total 6144K, used 694K [0x00000000eab00000, 0x00000000eb200000, 0x0000000100000000)
  eden space 5120K, 0% used [0x00000000eab00000,0x00000000eab00000,0x00000000eb000000)
  from space 1024K, 67% used [0x00000000eb000000,0x00000000eb0ad808,0x00000000eb100000)
  to   space 1024K, 0% used [0x00000000eb100000,0x00000000eb100000,0x00000000eb200000)
 ParOldGen       total 527360K, used 527266K [0x00000000c0000000, 0x00000000e0300000, 0x00000000eab00000)
  object space 527360K, 99% used [0x00000000c0000000,0x00000000e02e8860,0x00000000e0300000)
 Metaspace       used 67738K, committed 69248K, reserved 1114112K
  class space    used 6995K, committed 7616K, reserved 1048576K
}
Event: 25.372 GC heap before
{Heap before GC invocations=903 (full 3):
 PSYoungGen      total 6144K, used 5814K [0x00000000eab00000, 0x00000000eb200000, 0x0000000100000000)
  eden space 5120K, 100% used [0x00000000eab00000,0x00000000eb000000,0x00000000eb000000)
  from space 1024K, 67% used [0x00000000eb000000,0x00000000eb0ad808,0x00000000eb100000)
  to   space 1024K, 0% used [0x00000000eb100000,0x00000000eb100000,0x00000000eb200000)
 ParOldGen       total 527360K, used 527266K [0x00000000c0000000, 0x00000000e0300000, 0x00000000eab00000)
  object space 527360K, 99% used [0x00000000c0000000,0x00000000e02e8860,0x00000000e0300000)
 Metaspace       used 67738K, committed 69248K, reserved 1114112K
  class space    used 6995K, committed 7616K, reserved 1048576K
}
Event: 25.374 GC heap after
{Heap after GC invocations=903 (full 3):
 PSYoungGen      total 6144K, used 768K [0x00000000eab00000, 0x00000000eb200000, 0x0000000100000000)
  eden space 5120K, 0% used [0x00000000eab00000,0x00000000eab00000,0x00000000eb000000)
  from space 1024K, 75% used [0x00000000eb100000,0x00000000eb1c0000,0x00000000eb200000)
  to   space 1024K, 0% used [0x00000000eb000000,0x00000000eb000000,0x00000000eb100000)
 ParOldGen       total 528384K, used 527872K [0x00000000c0000000, 0x00000000e0400000, 0x00000000eab00000)
  object space 528384K, 99% used [0x00000000c0000000,0x00000000e0380068,0x00000000e0400000)
 Metaspace       used 67738K, committed 69248K, reserved 1114112K
  class space    used 6995K, committed 7616K, reserved 1048576K
}
Event: 25.385 GC heap before
{Heap before GC invocations=904 (full 3):
 PSYoungGen      total 6144K, used 5875K [0x00000000eab00000, 0x00000000eb200000, 0x0000000100000000)
  eden space 5120K, 99% used [0x00000000eab00000,0x00000000eaffccb0,0x00000000eb000000)
  from space 1024K, 75% used [0x00000000eb100000,0x00000000eb1c0000,0x00000000eb200000)
  to   space 1024K, 0% used [0x00000000eb000000,0x00000000eb000000,0x00000000eb100000)
 ParOldGen       total 528384K, used 527872K [0x00000000c0000000, 0x00000000e0400000, 0x00000000eab00000)
  object space 528384K, 99% used [0x00000000c0000000,0x00000000e0380068,0x00000000e0400000)
 Metaspace       used 67738K, committed 69248K, reserved 1114112K
  class space    used 6995K, committed 7616K, reserved 1048576K
}
Event: 25.387 GC heap after
{Heap after GC invocations=904 (full 3):
 PSYoungGen      total 6144K, used 736K [0x00000000eab00000, 0x00000000eb200000, 0x0000000100000000)
  eden space 5120K, 0% used [0x00000000eab00000,0x00000000eab00000,0x00000000eb000000)
  from space 1024K, 71% used [0x00000000eb000000,0x00000000eb0b8000,0x00000000eb100000)
  to   space 1024K, 0% used [0x00000000eb100000,0x00000000eb100000,0x00000000eb200000)
 ParOldGen       total 528896K, used 528464K [0x00000000c0000000, 0x00000000e0480000, 0x00000000eab00000)
  object space 528896K, 99% used [0x00000000c0000000,0x00000000e0414068,0x00000000e0480000)
 Metaspace       used 67738K, committed 69248K, reserved 1114112K
  class space    used 6995K, committed 7616K, reserved 1048576K
}

