# JRE version: OpenJDK Runtime Environment Temurin-21.0.6+7 (21.0.6+7) (build 21.0.6+7-LTS)
# Java VM: OpenJDK 64-Bit Server VM Temurin-21.0.6+7 (21.0.6+7-LTS, mixed mode, sharing, tiered, compressed oops, compressed class ptrs, parallel gc, windows-amd64)
GC Precious Log:
 CardTable entry size: 512
 CPUs: 8 total, 8 available
 Memory: 8099M
 Large Page Support: Disabled
 NUMA Support: Disabled
 Compressed Oops: Enabled (32-bit)
 Alignments: Space 512K, Generation 512K, Heap 2M
 Heap Min Capacity: 100M
 Heap Initial Capacity: 100M
 Heap Max Capacity: 1G
 Pre-touch: Disabled
 Parallel Workers: 8
Heap:
 PSYoungGen      total 23040K, used 3470K [0x00000000eab00000, 0x00000000ed700000, 0x0000000100000000)
  eden space 21504K, 9% used [0x00000000eab00000,0x00000000eace6d18,0x00000000ec000000)
  from space 1536K, 99% used [0x00000000ec000000,0x00000000ec17cd08,0x00000000ec180000)
  to   space 11776K, 0% used [0x00000000ecb80000,0x00000000ecb80000,0x00000000ed700000)
 ParOldGen       total 630272K, used 629811K [0x00000000c0000000, 0x00000000e6780000, 0x00000000eab00000)
  object space 630272K, 99% used [0x00000000c0000000,0x00000000e670cdb0,0x00000000e6780000)
 Metaspace       used 78087K, committed 79936K, reserved 1179648K
  class space    used 8017K, committed 8832K, reserved 1048576K
GC Heap History (20 events):
Event: 5599.240 GC heap before
{Heap before GC invocations=1619 (full 4):
 PSYoungGen      total 22528K, used 22185K [0x00000000eab00000, 0x00000000ec380000, 0x0000000100000000)
  eden space 21504K, 100% used [0x00000000eab00000,0x00000000ec000000,0x00000000ec000000)
  from space 1024K, 66% used [0x00000000ec180000,0x00000000ec22a5e8,0x00000000ec280000)
  to   space 1024K, 0% used [0x00000000ec280000,0x00000000ec280000,0x00000000ec380000)
 ParOldGen       total 618496K, used 618213K [0x00000000c0000000, 0x00000000e5c00000, 0x00000000eab00000)
  object space 618496K, 99% used [0x00000000c0000000,0x00000000e5bb94e8,0x00000000e5c00000)
 Metaspace       used 77911K, committed 79744K, reserved 1179648K
  class space    used 8013K, committed 8832K, reserved 1048576K
}
Event: 5599.242 GC heap after
{Heap after GC invocations=1619 (full 4):
 PSYoungGen      total 22528K, used 650K [0x00000000eab00000, 0x00000000ec380000, 0x0000000100000000)
  eden space 21504K, 0% used [0x00000000eab00000,0x00000000eab00000,0x00000000ec000000)
  from space 1024K, 63% used [0x00000000ec280000,0x00000000ec322888,0x00000000ec380000)
  to   space 1024K, 0% used [0x00000000ec180000,0x00000000ec180000,0x00000000ec280000)
 ParOldGen       total 619008K, used 618806K [0x00000000c0000000, 0x00000000e5c80000, 0x00000000eab00000)
  object space 619008K, 99% used [0x00000000c0000000,0x00000000e5c4dad0,0x00000000e5c80000)
 Metaspace       used 77911K, committed 79744K, reserved 1179648K
  class space    used 8013K, committed 8832K, reserved 1048576K
}
Event: 5599.407 GC heap before
{Heap before GC invocations=1620 (full 4):
 PSYoungGen      total 22528K, used 22154K [0x00000000eab00000, 0x00000000ec380000, 0x0000000100000000)
  eden space 21504K, 100% used [0x00000000eab00000,0x00000000ec000000,0x00000000ec000000)
  from space 1024K, 63% used [0x00000000ec280000,0x00000000ec322888,0x00000000ec380000)
  to   space 1024K, 0% used [0x00000000ec180000,0x00000000ec180000,0x00000000ec280000)
 ParOldGen       total 619008K, used 618806K [0x00000000c0000000, 0x00000000e5c80000, 0x00000000eab00000)
  object space 619008K, 99% used [0x00000000c0000000,0x00000000e5c4dad0,0x00000000e5c80000)
 Metaspace       used 77928K, committed 79744K, reserved 1179648K
  class space    used 8015K, committed 8832K, reserved 1048576K
}
Event: 5599.408 GC heap after
{Heap after GC invocations=1620 (full 4):
 PSYoungGen      total 22528K, used 1021K [0x00000000eab00000, 0x00000000ec300000, 0x0000000100000000)
  eden space 21504K, 0% used [0x00000000eab00000,0x00000000eab00000,0x00000000ec000000)
  from space 1024K, 99% used [0x00000000ec180000,0x00000000ec27f7f0,0x00000000ec280000)
  to   space 512K, 0% used [0x00000000ec280000,0x00000000ec280000,0x00000000ec300000)
 ParOldGen       total 619008K, used 618870K [0x00000000c0000000, 0x00000000e5c80000, 0x00000000eab00000)
  object space 619008K, 99% used [0x00000000c0000000,0x00000000e5c5db30,0x00000000e5c80000)
 Metaspace       used 77928K, committed 79744K, reserved 1179648K
  class space    used 8015K, committed 8832K, reserved 1048576K
}
Event: 5599.597 GC heap before
{Heap before GC invocations=1621 (full 4):
 PSYoungGen      total 22528K, used 22525K [0x00000000eab00000, 0x00000000ec300000, 0x0000000100000000)
  eden space 21504K, 100% used [0x00000000eab00000,0x00000000ec000000,0x00000000ec000000)
  from space 1024K, 99% used [0x00000000ec180000,0x00000000ec27f7f0,0x00000000ec280000)
  to   space 512K, 0% used [0x00000000ec280000,0x00000000ec280000,0x00000000ec300000)
 ParOldGen       total 619008K, used 618870K [0x00000000c0000000, 0x00000000e5c80000, 0x00000000eab00000)
  object space 619008K, 99% used [0x00000000c0000000,0x00000000e5c5db30,0x00000000e5c80000)
 Metaspace       used 77929K, committed 79744K, reserved 1179648K
  class space    used 8015K, committed 8832K, reserved 1048576K
}
Event: 5599.599 GC heap after
{Heap after GC invocations=1621 (full 4):
 PSYoungGen      total 22016K, used 506K [0x00000000eab00000, 0x00000000ec300000, 0x0000000100000000)
  eden space 21504K, 0% used [0x00000000eab00000,0x00000000eab00000,0x00000000ec000000)
  from space 512K, 98% used [0x00000000ec280000,0x00000000ec2fe900,0x00000000ec300000)
  to   space 1536K, 0% used [0x00000000ec000000,0x00000000ec000000,0x00000000ec180000)
 ParOldGen       total 620032K, used 619736K [0x00000000c0000000, 0x00000000e5d80000, 0x00000000eab00000)
  object space 620032K, 99% used [0x00000000c0000000,0x00000000e5d36180,0x00000000e5d80000)
 Metaspace       used 77929K, committed 79744K, reserved 1179648K
  class space    used 8015K, committed 8832K, reserved 1048576K
}
Event: 5599.625 GC heap before
{Heap before GC invocations=1622 (full 4):
 PSYoungGen      total 22016K, used 22010K [0x00000000eab00000, 0x00000000ec300000, 0x0000000100000000)
  eden space 21504K, 100% used [0x00000000eab00000,0x00000000ec000000,0x00000000ec000000)
  from space 512K, 98% used [0x00000000ec280000,0x00000000ec2fe900,0x00000000ec300000)
  to   space 1536K, 0% used [0x00000000ec000000,0x00000000ec000000,0x00000000ec180000)
 ParOldGen       total 620032K, used 619736K [0x00000000c0000000, 0x00000000e5d80000, 0x00000000eab00000)
  object space 620032K, 99% used [0x00000000c0000000,0x00000000e5d36180,0x00000000e5d80000)
 Metaspace       used 77944K, committed 79744K, reserved 1179648K
  class space    used 8015K, committed 8832K, reserved 1048576K
}
Event: 5599.626 GC heap after
{Heap after GC invocations=1622 (full 4):
 PSYoungGen      total 23040K, used 788K [0x00000000eab00000, 0x00000000ec300000, 0x0000000100000000)
  eden space 21504K, 0% used [0x00000000eab00000,0x00000000eab00000,0x00000000ec000000)
  from space 1536K, 51% used [0x00000000ec000000,0x00000000ec0c5220,0x00000000ec180000)
  to   space 1024K, 0% used [0x00000000ec200000,0x00000000ec200000,0x00000000ec300000)
 ParOldGen       total 620544K, used 620249K [0x00000000c0000000, 0x00000000e5e00000, 0x00000000eab00000)
  object space 620544K, 99% used [0x00000000c0000000,0x00000000e5db6770,0x00000000e5e00000)
 Metaspace       used 77944K, committed 79744K, reserved 1179648K
  class space    used 8015K, committed 8832K, reserved 1048576K
}
Event: 5599.651 GC heap before
{Heap before GC invocations=1623 (full 4):
 PSYoungGen      total 23040K, used 22292K [0x00000000eab00000, 0x00000000ec300000, 0x0000000100000000)
  eden space 21504K, 100% used [0x00000000eab00000,0x00000000ec000000,0x00000000ec000000)
  from space 1536K, 51% used [0x00000000ec000000,0x00000000ec0c5220,0x00000000ec180000)
  to   space 1024K, 0% used [0x00000000ec200000,0x00000000ec200000,0x00000000ec300000)
 ParOldGen       total 620544K, used 620249K [0x00000000c0000000, 0x00000000e5e00000, 0x00000000eab00000)
  object space 620544K, 99% used [0x00000000c0000000,0x00000000e5db6770,0x00000000e5e00000)
 Metaspace       used 77973K, committed 79808K, reserved 1179648K
  class space    used 8015K, committed 8832K, reserved 1048576K
}
Event: 5599.652 GC heap after
{Heap after GC invocations=1623 (full 4):
 PSYoungGen      total 22016K, used 474K [0x00000000eab00000, 0x00000000ec280000, 0x0000000100000000)
  eden space 21504K, 0% used [0x00000000eab00000,0x00000000eab00000,0x00000000ec000000)
  from space 512K, 92% used [0x00000000ec200000,0x00000000ec276900,0x00000000ec280000)
  to   space 1024K, 0% used [0x00000000ec080000,0x00000000ec080000,0x00000000ec180000)
 ParOldGen       total 621056K, used 620585K [0x00000000c0000000, 0x00000000e5e80000, 0x00000000eab00000)
  object space 621056K, 99% used [0x00000000c0000000,0x00000000e5e0a790,0x00000000e5e80000)
 Metaspace       used 77973K, committed 79808K, reserved 1179648K
  class space    used 8015K, committed 8832K, reserved 1048576K
}
Event: 5599.683 GC heap before
{Heap before GC invocations=1624 (full 4):
 PSYoungGen      total 22016K, used 21978K [0x00000000eab00000, 0x00000000ec280000, 0x0000000100000000)
  eden space 21504K, 100% used [0x00000000eab00000,0x00000000ec000000,0x00000000ec000000)
  from space 512K, 92% used [0x00000000ec200000,0x00000000ec276900,0x00000000ec280000)
  to   space 1024K, 0% used [0x00000000ec080000,0x00000000ec080000,0x00000000ec180000)
 ParOldGen       total 621056K, used 620585K [0x00000000c0000000, 0x00000000e5e80000, 0x00000000eab00000)
  object space 621056K, 99% used [0x00000000c0000000,0x00000000e5e0a790,0x00000000e5e80000)
 Metaspace       used 77976K, committed 79808K, reserved 1179648K
  class space    used 8015K, committed 8832K, reserved 1048576K
}
Event: 5599.684 GC heap after
{Heap after GC invocations=1624 (full 4):
 PSYoungGen      total 22528K, used 394K [0x00000000eab00000, 0x00000000ec280000, 0x0000000100000000)
  eden space 21504K, 0% used [0x00000000eab00000,0x00000000eab00000,0x00000000ec000000)
  from space 1024K, 38% used [0x00000000ec080000,0x00000000ec0e2910,0x00000000ec180000)
  to   space 512K, 0% used [0x00000000ec200000,0x00000000ec200000,0x00000000ec280000)
 ParOldGen       total 621056K, used 620617K [0x00000000c0000000, 0x00000000e5e80000, 0x00000000eab00000)
  object space 621056K, 99% used [0x00000000c0000000,0x00000000e5e12790,0x00000000e5e80000)
 Metaspace       used 77976K, committed 79808K, reserved 1179648K
  class space    used 8015K, committed 8832K, reserved 1048576K
}
Event: 5599.708 GC heap before
{Heap before GC invocations=1625 (full 4):
 PSYoungGen      total 22528K, used 21898K [0x00000000eab00000, 0x00000000ec280000, 0x0000000100000000)
  eden space 21504K, 100% used [0x00000000eab00000,0x00000000ec000000,0x00000000ec000000)
  from space 1024K, 38% used [0x00000000ec080000,0x00000000ec0e2910,0x00000000ec180000)
  to   space 512K, 0% used [0x00000000ec200000,0x00000000ec200000,0x00000000ec280000)
 ParOldGen       total 621056K, used 620617K [0x00000000c0000000, 0x00000000e5e80000, 0x00000000eab00000)
  object space 621056K, 99% used [0x00000000c0000000,0x00000000e5e12790,0x00000000e5e80000)
 Metaspace       used 77978K, committed 79808K, reserved 1179648K
  class space    used 8015K, committed 8832K, reserved 1048576K
}
Event: 5599.709 GC heap after
{Heap after GC invocations=1625 (full 4):
 PSYoungGen      total 22016K, used 272K [0x00000000eab00000, 0x00000000ec280000, 0x0000000100000000)
  eden space 21504K, 0% used [0x00000000eab00000,0x00000000eab00000,0x00000000ec000000)
  from space 512K, 53% used [0x00000000ec200000,0x00000000ec244010,0x00000000ec280000)
  to   space 512K, 0% used [0x00000000ec180000,0x00000000ec180000,0x00000000ec200000)
 ParOldGen       total 621056K, used 620681K [0x00000000c0000000, 0x00000000e5e80000, 0x00000000eab00000)
  object space 621056K, 99% used [0x00000000c0000000,0x00000000e5e227b0,0x00000000e5e80000)
 Metaspace       used 77978K, committed 79808K, reserved 1179648K
  class space    used 8015K, committed 8832K, reserved 1048576K
}
Event: 5599.732 GC heap before
{Heap before GC invocations=1626 (full 4):
 PSYoungGen      total 22016K, used 21776K [0x00000000eab00000, 0x00000000ec280000, 0x0000000100000000)
  eden space 21504K, 100% used [0x00000000eab00000,0x00000000ec000000,0x00000000ec000000)
  from space 512K, 53% used [0x00000000ec200000,0x00000000ec244010,0x00000000ec280000)
  to   space 512K, 0% used [0x00000000ec180000,0x00000000ec180000,0x00000000ec200000)
 ParOldGen       total 621056K, used 620681K [0x00000000c0000000, 0x00000000e5e80000, 0x00000000eab00000)
  object space 621056K, 99% used [0x00000000c0000000,0x00000000e5e227b0,0x00000000e5e80000)
 Metaspace       used 77981K, committed 79808K, reserved 1179648K
  class space    used 8015K, committed 8832K, reserved 1048576K
}
Event: 5599.733 GC heap after
{Heap after GC invocations=1626 (full 4):
 PSYoungGen      total 22016K, used 499K [0x00000000eab00000, 0x00000000ec280000, 0x0000000100000000)
  eden space 21504K, 0% used [0x00000000eab00000,0x00000000eab00000,0x00000000ec000000)
  from space 512K, 97% used [0x00000000ec180000,0x00000000ec1fcec8,0x00000000ec200000)
  to   space 512K, 0% used [0x00000000ec200000,0x00000000ec200000,0x00000000ec280000)
 ParOldGen       total 621056K, used 620798K [0x00000000c0000000, 0x00000000e5e80000, 0x00000000eab00000)
  object space 621056K, 99% used [0x00000000c0000000,0x00000000e5e3fab0,0x00000000e5e80000)
 Metaspace       used 77981K, committed 79808K, reserved 1179648K
  class space    used 8015K, committed 8832K, reserved 1048576K
}
Event: 5599.925 GC heap before
{Heap before GC invocations=1627 (full 4):
 PSYoungGen      total 22016K, used 22003K [0x00000000eab00000, 0x00000000ec280000, 0x0000000100000000)
  eden space 21504K, 100% used [0x00000000eab00000,0x00000000ec000000,0x00000000ec000000)
  from space 512K, 97% used [0x00000000ec180000,0x00000000ec1fcec8,0x00000000ec200000)
  to   space 512K, 0% used [0x00000000ec200000,0x00000000ec200000,0x00000000ec280000)
 ParOldGen       total 621056K, used 620798K [0x00000000c0000000, 0x00000000e5e80000, 0x00000000eab00000)
  object space 621056K, 99% used [0x00000000c0000000,0x00000000e5e3fab0,0x00000000e5e80000)
 Metaspace       used 78002K, committed 79808K, reserved 1179648K
  class space    used 8017K, committed 8832K, reserved 1048576K
}
Event: 5599.927 GC heap after
{Heap after GC invocations=1627 (full 4):
 PSYoungGen      total 22016K, used 500K [0x00000000eab00000, 0x00000000ec300000, 0x0000000100000000)
  eden space 21504K, 0% used [0x00000000eab00000,0x00000000eab00000,0x00000000ec000000)
  from space 512K, 97% used [0x00000000ec200000,0x00000000ec27d200,0x00000000ec280000)
  to   space 1536K, 0% used [0x00000000ec000000,0x00000000ec000000,0x00000000ec180000)
 ParOldGen       total 621568K, used 621316K [0x00000000c0000000, 0x00000000e5f00000, 0x00000000eab00000)
  object space 621568K, 99% used [0x00000000c0000000,0x00000000e5ec1288,0x00000000e5f00000)
 Metaspace       used 78002K, committed 79808K, reserved 1179648K
  class space    used 8017K, committed 8832K, reserved 1048576K
}
Event: 5601.850 GC heap before
{Heap before GC invocations=1628 (full 4):
 PSYoungGen      total 22016K, used 21493K [0x00000000eab00000, 0x00000000ec300000, 0x0000000100000000)
  eden space 21504K, 97% used [0x00000000eab00000,0x00000000ebf804d0,0x00000000ec000000)
  from space 512K, 97% used [0x00000000ec200000,0x00000000ec27d200,0x00000000ec280000)
  to   space 1536K, 0% used [0x00000000ec000000,0x00000000ec000000,0x00000000ec180000)
 ParOldGen       total 621568K, used 621316K [0x00000000c0000000, 0x00000000e5f00000, 0x00000000eab00000)
  object space 621568K, 99% used [0x00000000c0000000,0x00000000e5ec1288,0x00000000e5f00000)
 Metaspace       used 78038K, committed 79872K, reserved 1179648K
  class space    used 8017K, committed 8832K, reserved 1048576K
}
Event: 5601.855 GC heap after
{Heap after GC invocations=1628 (full 4):
 PSYoungGen      total 23040K, used 1523K [0x00000000eab00000, 0x00000000ed700000, 0x0000000100000000)
  eden space 21504K, 0% used [0x00000000eab00000,0x00000000eab00000,0x00000000ec000000)
  from space 1536K, 99% used [0x00000000ec000000,0x00000000ec17cd08,0x00000000ec180000)
  to   space 11776K, 0% used [0x00000000ecb80000,0x00000000ecb80000,0x00000000ed700000)
 ParOldGen       total 630272K, used 629811K [0x00000000c0000000, 0x00000000e6780000, 0x00000000eab00000)
  object space 630272K, 99% used [0x00000000c0000000,0x00000000e670cdb0,0x00000000e6780000)
 Metaspace       used 78038K, committed 79872K, reserved 1179648K
  class space    used 8017K, committed 8832K, reserved 1048576K
}

