# JRE version: OpenJDK Runtime Environment Temurin-21.0.6+7 (21.0.6+7) (build 21.0.6+7-LTS)
# Java VM: OpenJDK 64-Bit Server VM Temurin-21.0.6+7 (21.0.6+7-LTS, mixed mode, sharing, tiered, compressed oops, compressed class ptrs, g1 gc, windows-amd64)
GC Precious Log:
 CardTable entry size: 512
 Card Set container configuration: InlinePtr #cards 5 size 8 Array Of Cards #cards 12 size 40 Howl #buckets 4 coarsen threshold 1843 Howl Bitmap #cards 512 size 80 coarsen threshold 460 Card regions per heap region 1 cards per card region 2048
 CPUs: 8 total, 8 available
 Memory: 8099M
 Large Page Support: Disabled
 NUMA Support: Disabled
 Compressed Oops: Enabled (32-bit)
 Heap Region Size: 1M
 Heap Min Capacity: 8M
 Heap Initial Capacity: 128M
 Heap Max Capacity: 2026M
 Pre-touch: Disabled
 Parallel Workers: 8
 Concurrent Workers: 2
 Concurrent Refinement Workers: 8
 Periodic GC: Disabled
Heap:
 garbage-first heap   total 73728K, used 36965K [0x0000000081600000, 0x0000000100000000)
  region size 1024K, 11 young (11264K), 5 survivors (5120K)
 Metaspace       used 47206K, committed 48000K, reserved 1114112K
  class space    used 6192K, committed 6592K, reserved 1048576K
GC Heap History (18 events):
Event: 0.656 GC heap before
{Heap before GC invocations=0 (full 0):
 garbage-first heap   total 131072K, used 24576K [0x0000000081600000, 0x0000000100000000)
  region size 1024K, 23 young (23552K), 0 survivors (0K)
 Metaspace       used 6743K, committed 6976K, reserved 1114112K
  class space    used 752K, committed 832K, reserved 1048576K
}
Event: 0.664 GC heap after
{Heap after GC invocations=1 (full 0):
 garbage-first heap   total 131072K, used 7594K [0x0000000081600000, 0x0000000100000000)
  region size 1024K, 3 young (3072K), 3 survivors (3072K)
 Metaspace       used 6743K, committed 6976K, reserved 1114112K
  class space    used 752K, committed 832K, reserved 1048576K
}
Event: 0.904 GC heap before
{Heap before GC invocations=1 (full 0):
 garbage-first heap   total 131072K, used 39338K [0x0000000081600000, 0x0000000100000000)
  region size 1024K, 30 young (30720K), 3 survivors (3072K)
 Metaspace       used 9198K, committed 9536K, reserved 1114112K
  class space    used 1037K, committed 1216K, reserved 1048576K
}
Event: 0.913 GC heap after
{Heap after GC invocations=2 (full 0):
 garbage-first heap   total 131072K, used 17193K [0x0000000081600000, 0x0000000100000000)
  region size 1024K, 4 young (4096K), 4 survivors (4096K)
 Metaspace       used 9198K, committed 9536K, reserved 1114112K
  class space    used 1037K, committed 1216K, reserved 1048576K
}
Event: 1.679 GC heap before
{Heap before GC invocations=2 (full 0):
 garbage-first heap   total 131072K, used 65321K [0x0000000081600000, 0x0000000100000000)
  region size 1024K, 53 young (54272K), 4 survivors (4096K)
 Metaspace       used 21161K, committed 21504K, reserved 1114112K
  class space    used 2606K, committed 2752K, reserved 1048576K
}
Event: 1.688 GC heap after
{Heap after GC invocations=3 (full 0):
 garbage-first heap   total 131072K, used 20616K [0x0000000081600000, 0x0000000100000000)
  region size 1024K, 8 young (8192K), 8 survivors (8192K)
 Metaspace       used 21161K, committed 21504K, reserved 1114112K
  class space    used 2606K, committed 2752K, reserved 1048576K
}
Event: 2.611 GC heap before
{Heap before GC invocations=4 (full 0):
 garbage-first heap   total 61440K, used 45192K [0x0000000081600000, 0x0000000100000000)
  region size 1024K, 36 young (36864K), 8 survivors (8192K)
 Metaspace       used 23996K, committed 24448K, reserved 1114112K
  class space    used 2913K, committed 3136K, reserved 1048576K
}
Event: 2.625 GC heap after
{Heap after GC invocations=5 (full 0):
 garbage-first heap   total 61440K, used 20696K [0x0000000081600000, 0x0000000100000000)
  region size 1024K, 4 young (4096K), 4 survivors (4096K)
 Metaspace       used 23996K, committed 24448K, reserved 1114112K
  class space    used 2913K, committed 3136K, reserved 1048576K
}
Event: 3.420 GC heap before
{Heap before GC invocations=5 (full 0):
 garbage-first heap   total 61440K, used 44248K [0x0000000081600000, 0x0000000100000000)
  region size 1024K, 28 young (28672K), 4 survivors (4096K)
 Metaspace       used 26493K, committed 26944K, reserved 1114112K
  class space    used 3252K, committed 3456K, reserved 1048576K
}
Event: 3.426 GC heap after
{Heap after GC invocations=6 (full 0):
 garbage-first heap   total 73728K, used 21893K [0x0000000081600000, 0x0000000100000000)
  region size 1024K, 3 young (3072K), 3 survivors (3072K)
 Metaspace       used 26493K, committed 26944K, reserved 1114112K
  class space    used 3252K, committed 3456K, reserved 1048576K
}
Event: 4.050 GC heap before
{Heap before GC invocations=6 (full 0):
 garbage-first heap   total 73728K, used 56709K [0x0000000081600000, 0x0000000100000000)
  region size 1024K, 37 young (37888K), 3 survivors (3072K)
 Metaspace       used 29852K, committed 30272K, reserved 1114112K
  class space    used 3726K, committed 3904K, reserved 1048576K
}
Event: 4.058 GC heap after
{Heap after GC invocations=7 (full 0):
 garbage-first heap   total 73728K, used 24545K [0x0000000081600000, 0x0000000100000000)
  region size 1024K, 5 young (5120K), 5 survivors (5120K)
 Metaspace       used 29852K, committed 30272K, reserved 1114112K
  class space    used 3726K, committed 3904K, reserved 1048576K
}
Event: 4.979 GC heap before
{Heap before GC invocations=7 (full 0):
 garbage-first heap   total 73728K, used 57313K [0x0000000081600000, 0x0000000100000000)
  region size 1024K, 38 young (38912K), 5 survivors (5120K)
 Metaspace       used 35523K, committed 36096K, reserved 1114112K
  class space    used 4475K, committed 4736K, reserved 1048576K
}
Event: 4.985 GC heap after
{Heap after GC invocations=8 (full 0):
 garbage-first heap   total 73728K, used 27006K [0x0000000081600000, 0x0000000100000000)
  region size 1024K, 5 young (5120K), 5 survivors (5120K)
 Metaspace       used 35523K, committed 36096K, reserved 1114112K
  class space    used 4475K, committed 4736K, reserved 1048576K
}
Event: 5.668 GC heap before
{Heap before GC invocations=9 (full 0):
 garbage-first heap   total 73728K, used 60798K [0x0000000081600000, 0x0000000100000000)
  region size 1024K, 38 young (38912K), 5 survivors (5120K)
 Metaspace       used 39699K, committed 40320K, reserved 1114112K
  class space    used 5163K, committed 5440K, reserved 1048576K
}
Event: 5.673 GC heap after
{Heap after GC invocations=10 (full 0):
 garbage-first heap   total 73728K, used 29930K [0x0000000081600000, 0x0000000100000000)
  region size 1024K, 3 young (3072K), 3 survivors (3072K)
 Metaspace       used 39699K, committed 40320K, reserved 1114112K
  class space    used 5163K, committed 5440K, reserved 1048576K
}
Event: 6.549 GC heap before
{Heap before GC invocations=10 (full 0):
 garbage-first heap   total 73728K, used 60650K [0x0000000081600000, 0x0000000100000000)
  region size 1024K, 34 young (34816K), 3 survivors (3072K)
 Metaspace       used 46353K, committed 47168K, reserved 1114112K
  class space    used 6066K, committed 6464K, reserved 1048576K
}
Event: 6.554 GC heap after
{Heap after GC invocations=11 (full 0):
 garbage-first heap   total 73728K, used 31845K [0x0000000081600000, 0x0000000100000000)
  region size 1024K, 5 young (5120K), 5 survivors (5120K)
 Metaspace       used 46353K, committed 47168K, reserved 1114112K
  class space    used 6066K, committed 6464K, reserved 1048576K
}

