# JRE version: OpenJDK Runtime Environment Temurin-21.0.6+7 (21.0.6+7) (build 21.0.6+7-LTS)
# Java VM: OpenJDK 64-Bit Server VM Temurin-21.0.6+7 (21.0.6+7-LTS, mixed mode, sharing, tiered, compressed oops, compressed class ptrs, g1 gc, windows-amd64)
GC Precious Log:
 CardTable entry size: 512
 Card Set container configuration: InlinePtr #cards 5 size 8 Array Of Cards #cards 12 size 40 Howl #buckets 4 coarsen threshold 1843 Howl Bitmap #cards 512 size 80 coarsen threshold 460 Card regions per heap region 1 cards per card region 2048
 CPUs: 8 total, 8 available
 Memory: 8099M
 Large Page Support: Disabled
 NUMA Support: Disabled
 Compressed Oops: Enabled (32-bit)
 Heap Region Size: 1M
 Heap Min Capacity: 8M
 Heap Initial Capacity: 128M
 Heap Max Capacity: 2026M
 Pre-touch: Disabled
 Parallel Workers: 8
 Concurrent Workers: 2
 Concurrent Refinement Workers: 8
 Periodic GC: Disabled
Heap:
 garbage-first heap   total 83968K, used 51397K [0x0000000081600000, 0x0000000100000000)
  region size 1024K, 6 young (6144K), 2 survivors (2048K)
 Metaspace       used 88875K, committed 90240K, reserved 1179648K
  class space    used 11207K, committed 11712K, reserved 1048576K
GC Heap History (20 events):
Event: 356.537 GC heap before
{Heap before GC invocations=23 (full 0):
 garbage-first heap   total 83968K, used 76754K [0x0000000081600000, 0x0000000100000000)
  region size 1024K, 29 young (29696K), 2 survivors (2048K)
 Metaspace       used 88974K, committed 89792K, reserved 1179648K
  class space    used 11322K, committed 11712K, reserved 1048576K
}
Event: 356.540 GC heap after
{Heap after GC invocations=24 (full 0):
 garbage-first heap   total 83968K, used 49218K [0x0000000081600000, 0x0000000100000000)
  region size 1024K, 3 young (3072K), 3 survivors (3072K)
 Metaspace       used 88974K, committed 89792K, reserved 1179648K
  class space    used 11322K, committed 11712K, reserved 1048576K
}
Event: 416.717 GC heap before
{Heap before GC invocations=25 (full 0):
 garbage-first heap   total 83968K, used 74818K [0x0000000081600000, 0x0000000100000000)
  region size 1024K, 28 young (28672K), 3 survivors (3072K)
 Metaspace       used 89006K, committed 89920K, reserved 1179648K
  class space    used 11322K, committed 11712K, reserved 1048576K
}
Event: 416.719 GC heap after
{Heap after GC invocations=26 (full 0):
 garbage-first heap   total 83968K, used 49156K [0x0000000081600000, 0x0000000100000000)
  region size 1024K, 3 young (3072K), 3 survivors (3072K)
 Metaspace       used 89006K, committed 89920K, reserved 1179648K
  class space    used 11322K, committed 11712K, reserved 1048576K
}
Event: 475.422 GC heap before
{Heap before GC invocations=26 (full 0):
 garbage-first heap   total 83968K, used 74756K [0x0000000081600000, 0x0000000100000000)
  region size 1024K, 28 young (28672K), 3 survivors (3072K)
 Metaspace       used 89025K, committed 89920K, reserved 1179648K
  class space    used 11322K, committed 11712K, reserved 1048576K
}
Event: 475.427 GC heap after
{Heap after GC invocations=27 (full 0):
 garbage-first heap   total 83968K, used 48393K [0x0000000081600000, 0x0000000100000000)
  region size 1024K, 3 young (3072K), 3 survivors (3072K)
 Metaspace       used 89025K, committed 89920K, reserved 1179648K
  class space    used 11322K, committed 11712K, reserved 1048576K
}
Event: 534.966 GC heap before
{Heap before GC invocations=27 (full 0):
 garbage-first heap   total 83968K, used 73993K [0x0000000081600000, 0x0000000100000000)
  region size 1024K, 28 young (28672K), 3 survivors (3072K)
 Metaspace       used 89058K, committed 89920K, reserved 1179648K
  class space    used 11322K, committed 11712K, reserved 1048576K
}
Event: 534.974 GC heap after
{Heap after GC invocations=28 (full 0):
 garbage-first heap   total 83968K, used 48423K [0x0000000081600000, 0x0000000100000000)
  region size 1024K, 3 young (3072K), 3 survivors (3072K)
 Metaspace       used 89058K, committed 89920K, reserved 1179648K
  class space    used 11322K, committed 11712K, reserved 1048576K
}
Event: 595.283 GC heap before
{Heap before GC invocations=29 (full 0):
 garbage-first heap   total 83968K, used 74023K [0x0000000081600000, 0x0000000100000000)
  region size 1024K, 28 young (28672K), 3 survivors (3072K)
 Metaspace       used 89073K, committed 89920K, reserved 1179648K
  class space    used 11322K, committed 11712K, reserved 1048576K
}
Event: 595.300 GC heap after
{Heap after GC invocations=30 (full 0):
 garbage-first heap   total 83968K, used 48535K [0x0000000081600000, 0x0000000100000000)
  region size 1024K, 2 young (2048K), 2 survivors (2048K)
 Metaspace       used 89073K, committed 89920K, reserved 1179648K
  class space    used 11322K, committed 11712K, reserved 1048576K
}
Event: 655.436 GC heap before
{Heap before GC invocations=30 (full 0):
 garbage-first heap   total 83968K, used 75159K [0x0000000081600000, 0x0000000100000000)
  region size 1024K, 28 young (28672K), 2 survivors (2048K)
 Metaspace       used 89103K, committed 89984K, reserved 1179648K
  class space    used 11325K, committed 11712K, reserved 1048576K
}
Event: 655.445 GC heap after
{Heap after GC invocations=31 (full 0):
 garbage-first heap   total 83968K, used 48181K [0x0000000081600000, 0x0000000100000000)
  region size 1024K, 2 young (2048K), 2 survivors (2048K)
 Metaspace       used 89103K, committed 89984K, reserved 1179648K
  class space    used 11325K, committed 11712K, reserved 1048576K
}
Event: 719.270 GC heap before
{Heap before GC invocations=31 (full 0):
 garbage-first heap   total 83968K, used 75829K [0x0000000081600000, 0x0000000100000000)
  region size 1024K, 29 young (29696K), 2 survivors (2048K)
 Metaspace       used 89113K, committed 89984K, reserved 1179648K
  class space    used 11325K, committed 11712K, reserved 1048576K
}
Event: 719.280 GC heap after
{Heap after GC invocations=32 (full 0):
 garbage-first heap   total 83968K, used 48107K [0x0000000081600000, 0x0000000100000000)
  region size 1024K, 2 young (2048K), 2 survivors (2048K)
 Metaspace       used 89113K, committed 89984K, reserved 1179648K
  class space    used 11325K, committed 11712K, reserved 1048576K
}
Event: 782.439 GC heap before
{Heap before GC invocations=33 (full 0):
 garbage-first heap   total 83968K, used 75755K [0x0000000081600000, 0x0000000100000000)
  region size 1024K, 29 young (29696K), 2 survivors (2048K)
 Metaspace       used 89139K, committed 89984K, reserved 1179648K
  class space    used 11325K, committed 11712K, reserved 1048576K
}
Event: 782.443 GC heap after
{Heap after GC invocations=34 (full 0):
 garbage-first heap   total 83968K, used 48127K [0x0000000081600000, 0x0000000100000000)
  region size 1024K, 2 young (2048K), 2 survivors (2048K)
 Metaspace       used 89139K, committed 89984K, reserved 1179648K
  class space    used 11325K, committed 11712K, reserved 1048576K
}
Event: 843.907 GC heap before
{Heap before GC invocations=34 (full 0):
 garbage-first heap   total 83968K, used 74751K [0x0000000081600000, 0x0000000100000000)
  region size 1024K, 29 young (29696K), 2 survivors (2048K)
 Metaspace       used 89177K, committed 90048K, reserved 1179648K
  class space    used 11325K, committed 11712K, reserved 1048576K
}
Event: 843.910 GC heap after
{Heap after GC invocations=35 (full 0):
 garbage-first heap   total 83968K, used 48057K [0x0000000081600000, 0x0000000100000000)
  region size 1024K, 2 young (2048K), 2 survivors (2048K)
 Metaspace       used 89177K, committed 90048K, reserved 1179648K
  class space    used 11325K, committed 11712K, reserved 1048576K
}
Event: 11761.208 GC heap before
{Heap before GC invocations=35 (full 0):
 garbage-first heap   total 83968K, used 75705K [0x0000000081600000, 0x0000000100000000)
  region size 1024K, 29 young (29696K), 2 survivors (2048K)
 Metaspace       used 89287K, committed 90176K, reserved 1179648K
  class space    used 11334K, committed 11712K, reserved 1048576K
}
Event: 11761.210 GC heap after
{Heap after GC invocations=36 (full 0):
 garbage-first heap   total 83968K, used 48325K [0x0000000081600000, 0x0000000100000000)
  region size 1024K, 2 young (2048K), 2 survivors (2048K)
 Metaspace       used 89287K, committed 90176K, reserved 1179648K
  class space    used 11334K, committed 11712K, reserved 1048576K
}

