# JRE version: OpenJDK Runtime Environment Temurin-21.0.7+6 (21.0.7+6) (build 21.0.7+6-LTS)
# Java VM: OpenJDK 64-Bit Server VM Temurin-21.0.7+6 (21.0.7+6-LTS, mixed mode, sharing, tiered, compressed oops, compressed class ptrs, parallel gc, windows-amd64)
GC Precious Log:
 CardTable entry size: 512
 CPUs: 8 total, 8 available
 Memory: 8099M
 Large Page Support: Disabled
 NUMA Support: Disabled
 Compressed Oops: Enabled (32-bit)
 Alignments: Space 512K, Generation 512K, Heap 2M
 Heap Min Capacity: 100M
 Heap Initial Capacity: 100M
 Heap Max Capacity: 1G
 Pre-touch: Disabled
 Parallel Workers: 8
Heap:
 PSYoungGen      total 11776K, used 4938K [0x00000000eab00000, 0x00000000eb800000, 0x0000000100000000)
  eden space 10240K, 33% used [0x00000000eab00000,0x00000000eae58180,0x00000000eb500000)
  from space 1536K, 98% used [0x00000000eb680000,0x00000000eb7fa9e8,0x00000000eb800000)
  to   space 1536K, 0% used [0x00000000eb500000,0x00000000eb500000,0x00000000eb680000)
 ParOldGen       total 287744K, used 287574K [0x00000000c0000000, 0x00000000d1900000, 0x00000000eab00000)
  object space 287744K, 99% used [0x00000000c0000000,0x00000000d18d5a10,0x00000000d1900000)
 Metaspace       used 64769K, committed 66304K, reserved 1114112K
  class space    used 6684K, committed 7360K, reserved 1048576K
GC Heap History (20 events):
Event: 16.361 GC heap before
{Heap before GC invocations=261 (full 3):
 PSYoungGen      total 11776K, used 11600K [0x00000000eab00000, 0x00000000eb880000, 0x0000000100000000)
  eden space 10752K, 100% used [0x00000000eab00000,0x00000000eb580000,0x00000000eb580000)
  from space 1024K, 82% used [0x00000000eb580000,0x00000000eb6542e0,0x00000000eb680000)
  to   space 1536K, 0% used [0x00000000eb700000,0x00000000eb700000,0x00000000eb880000)
 ParOldGen       total 275456K, used 275329K [0x00000000c0000000, 0x00000000d0d00000, 0x00000000eab00000)
  object space 275456K, 99% used [0x00000000c0000000,0x00000000d0ce04f0,0x00000000d0d00000)
 Metaspace       used 64638K, committed 66176K, reserved 1114112K
  class space    used 6668K, committed 7360K, reserved 1048576K
}
Event: 16.365 GC heap after
{Heap after GC invocations=261 (full 3):
 PSYoungGen      total 12288K, used 1258K [0x00000000eab00000, 0x00000000eb880000, 0x0000000100000000)
  eden space 10752K, 0% used [0x00000000eab00000,0x00000000eab00000,0x00000000eb580000)
  from space 1536K, 81% used [0x00000000eb700000,0x00000000eb83aa20,0x00000000eb880000)
  to   space 1536K, 0% used [0x00000000eb580000,0x00000000eb580000,0x00000000eb700000)
 ParOldGen       total 276480K, used 276043K [0x00000000c0000000, 0x00000000d0e00000, 0x00000000eab00000)
  object space 276480K, 99% used [0x00000000c0000000,0x00000000d0d92f50,0x00000000d0e00000)
 Metaspace       used 64638K, committed 66176K, reserved 1114112K
  class space    used 6668K, committed 7360K, reserved 1048576K
}
Event: 16.400 GC heap before
{Heap before GC invocations=262 (full 3):
 PSYoungGen      total 12288K, used 12010K [0x00000000eab00000, 0x00000000eb880000, 0x0000000100000000)
  eden space 10752K, 100% used [0x00000000eab00000,0x00000000eb580000,0x00000000eb580000)
  from space 1536K, 81% used [0x00000000eb700000,0x00000000eb83aa20,0x00000000eb880000)
  to   space 1536K, 0% used [0x00000000eb580000,0x00000000eb580000,0x00000000eb700000)
 ParOldGen       total 276480K, used 276043K [0x00000000c0000000, 0x00000000d0e00000, 0x00000000eab00000)
  object space 276480K, 99% used [0x00000000c0000000,0x00000000d0d92f50,0x00000000d0e00000)
 Metaspace       used 64648K, committed 66176K, reserved 1114112K
  class space    used 6668K, committed 7360K, reserved 1048576K
}
Event: 16.404 GC heap after
{Heap after GC invocations=262 (full 3):
 PSYoungGen      total 12288K, used 1512K [0x00000000eab00000, 0x00000000ebb80000, 0x0000000100000000)
  eden space 10752K, 0% used [0x00000000eab00000,0x00000000eab00000,0x00000000eb580000)
  from space 1536K, 98% used [0x00000000eb580000,0x00000000eb6fa390,0x00000000eb700000)
  to   space 3072K, 0% used [0x00000000eb880000,0x00000000eb880000,0x00000000ebb80000)
 ParOldGen       total 277504K, used 277238K [0x00000000c0000000, 0x00000000d0f00000, 0x00000000eab00000)
  object space 277504K, 99% used [0x00000000c0000000,0x00000000d0ebd940,0x00000000d0f00000)
 Metaspace       used 64648K, committed 66176K, reserved 1114112K
  class space    used 6668K, committed 7360K, reserved 1048576K
}
Event: 16.425 GC heap before
{Heap before GC invocations=263 (full 3):
 PSYoungGen      total 12288K, used 12264K [0x00000000eab00000, 0x00000000ebb80000, 0x0000000100000000)
  eden space 10752K, 100% used [0x00000000eab00000,0x00000000eb580000,0x00000000eb580000)
  from space 1536K, 98% used [0x00000000eb580000,0x00000000eb6fa390,0x00000000eb700000)
  to   space 3072K, 0% used [0x00000000eb880000,0x00000000eb880000,0x00000000ebb80000)
 ParOldGen       total 277504K, used 277238K [0x00000000c0000000, 0x00000000d0f00000, 0x00000000eab00000)
  object space 277504K, 99% used [0x00000000c0000000,0x00000000d0ebd940,0x00000000d0f00000)
 Metaspace       used 64648K, committed 66176K, reserved 1114112K
  class space    used 6668K, committed 7360K, reserved 1048576K
}
Event: 16.428 GC heap after
{Heap after GC invocations=263 (full 3):
 PSYoungGen      total 12288K, used 1294K [0x00000000eab00000, 0x00000000eba00000, 0x0000000100000000)
  eden space 10752K, 0% used [0x00000000eab00000,0x00000000eab00000,0x00000000eb580000)
  from space 1536K, 84% used [0x00000000eb880000,0x00000000eb9c3998,0x00000000eba00000)
  to   space 2048K, 0% used [0x00000000eb600000,0x00000000eb600000,0x00000000eb800000)
 ParOldGen       total 279040K, used 278716K [0x00000000c0000000, 0x00000000d1080000, 0x00000000eab00000)
  object space 279040K, 99% used [0x00000000c0000000,0x00000000d102f268,0x00000000d1080000)
 Metaspace       used 64648K, committed 66176K, reserved 1114112K
  class space    used 6668K, committed 7360K, reserved 1048576K
}
Event: 16.443 GC heap before
{Heap before GC invocations=264 (full 3):
 PSYoungGen      total 12288K, used 12046K [0x00000000eab00000, 0x00000000eba00000, 0x0000000100000000)
  eden space 10752K, 100% used [0x00000000eab00000,0x00000000eb580000,0x00000000eb580000)
  from space 1536K, 84% used [0x00000000eb880000,0x00000000eb9c3998,0x00000000eba00000)
  to   space 2048K, 0% used [0x00000000eb600000,0x00000000eb600000,0x00000000eb800000)
 ParOldGen       total 279040K, used 278716K [0x00000000c0000000, 0x00000000d1080000, 0x00000000eab00000)
  object space 279040K, 99% used [0x00000000c0000000,0x00000000d102f268,0x00000000d1080000)
 Metaspace       used 64648K, committed 66176K, reserved 1114112K
  class space    used 6668K, committed 7360K, reserved 1048576K
}
Event: 16.446 GC heap after
{Heap after GC invocations=264 (full 3):
 PSYoungGen      total 12288K, used 1171K [0x00000000eab00000, 0x00000000eb900000, 0x0000000100000000)
  eden space 10752K, 0% used [0x00000000eab00000,0x00000000eab00000,0x00000000eb580000)
  from space 1536K, 76% used [0x00000000eb600000,0x00000000eb724d90,0x00000000eb780000)
  to   space 1536K, 0% used [0x00000000eb780000,0x00000000eb780000,0x00000000eb900000)
 ParOldGen       total 280064K, used 279911K [0x00000000c0000000, 0x00000000d1180000, 0x00000000eab00000)
  object space 280064K, 99% used [0x00000000c0000000,0x00000000d1159d98,0x00000000d1180000)
 Metaspace       used 64648K, committed 66176K, reserved 1114112K
  class space    used 6668K, committed 7360K, reserved 1048576K
}
Event: 16.459 GC heap before
{Heap before GC invocations=265 (full 3):
 PSYoungGen      total 12288K, used 11923K [0x00000000eab00000, 0x00000000eb900000, 0x0000000100000000)
  eden space 10752K, 100% used [0x00000000eab00000,0x00000000eb580000,0x00000000eb580000)
  from space 1536K, 76% used [0x00000000eb600000,0x00000000eb724d90,0x00000000eb780000)
  to   space 1536K, 0% used [0x00000000eb780000,0x00000000eb780000,0x00000000eb900000)
 ParOldGen       total 280064K, used 279911K [0x00000000c0000000, 0x00000000d1180000, 0x00000000eab00000)
  object space 280064K, 99% used [0x00000000c0000000,0x00000000d1159d98,0x00000000d1180000)
 Metaspace       used 64648K, committed 66176K, reserved 1114112K
  class space    used 6668K, committed 7360K, reserved 1048576K
}
Event: 16.462 GC heap after
{Heap after GC invocations=265 (full 3):
 PSYoungGen      total 11776K, used 793K [0x00000000eab00000, 0x00000000eb880000, 0x0000000100000000)
  eden space 10752K, 0% used [0x00000000eab00000,0x00000000eab00000,0x00000000eb580000)
  from space 1024K, 77% used [0x00000000eb780000,0x00000000eb846400,0x00000000eb880000)
  to   space 1024K, 0% used [0x00000000eb680000,0x00000000eb680000,0x00000000eb780000)
 ParOldGen       total 281088K, used 280948K [0x00000000c0000000, 0x00000000d1280000, 0x00000000eab00000)
  object space 281088K, 99% used [0x00000000c0000000,0x00000000d125d290,0x00000000d1280000)
 Metaspace       used 64648K, committed 66176K, reserved 1114112K
  class space    used 6668K, committed 7360K, reserved 1048576K
}
Event: 16.475 GC heap before
{Heap before GC invocations=266 (full 3):
 PSYoungGen      total 11776K, used 11543K [0x00000000eab00000, 0x00000000eb880000, 0x0000000100000000)
  eden space 10752K, 99% used [0x00000000eab00000,0x00000000eb57fbb0,0x00000000eb580000)
  from space 1024K, 77% used [0x00000000eb780000,0x00000000eb846400,0x00000000eb880000)
  to   space 1024K, 0% used [0x00000000eb680000,0x00000000eb680000,0x00000000eb780000)
 ParOldGen       total 281088K, used 280948K [0x00000000c0000000, 0x00000000d1280000, 0x00000000eab00000)
  object space 281088K, 99% used [0x00000000c0000000,0x00000000d125d290,0x00000000d1280000)
 Metaspace       used 64648K, committed 66176K, reserved 1114112K
  class space    used 6668K, committed 7360K, reserved 1048576K
}
Event: 16.477 GC heap after
{Heap after GC invocations=266 (full 3):
 PSYoungGen      total 11776K, used 865K [0x00000000eab00000, 0x00000000eb800000, 0x0000000100000000)
  eden space 10752K, 0% used [0x00000000eab00000,0x00000000eab00000,0x00000000eb580000)
  from space 1024K, 84% used [0x00000000eb680000,0x00000000eb758490,0x00000000eb780000)
  to   space 512K, 0% used [0x00000000eb780000,0x00000000eb780000,0x00000000eb800000)
 ParOldGen       total 282112K, used 281657K [0x00000000c0000000, 0x00000000d1380000, 0x00000000eab00000)
  object space 282112K, 99% used [0x00000000c0000000,0x00000000d130e738,0x00000000d1380000)
 Metaspace       used 64648K, committed 66176K, reserved 1114112K
  class space    used 6668K, committed 7360K, reserved 1048576K
}
Event: 16.502 GC heap before
{Heap before GC invocations=267 (full 3):
 PSYoungGen      total 11776K, used 11617K [0x00000000eab00000, 0x00000000eb800000, 0x0000000100000000)
  eden space 10752K, 100% used [0x00000000eab00000,0x00000000eb580000,0x00000000eb580000)
  from space 1024K, 84% used [0x00000000eb680000,0x00000000eb758490,0x00000000eb780000)
  to   space 512K, 0% used [0x00000000eb780000,0x00000000eb780000,0x00000000eb800000)
 ParOldGen       total 282112K, used 281657K [0x00000000c0000000, 0x00000000d1380000, 0x00000000eab00000)
  object space 282112K, 99% used [0x00000000c0000000,0x00000000d130e738,0x00000000d1380000)
 Metaspace       used 64659K, committed 66240K, reserved 1114112K
  class space    used 6668K, committed 7360K, reserved 1048576K
}
Event: 16.505 GC heap after
{Heap after GC invocations=267 (full 3):
 PSYoungGen      total 10752K, used 496K [0x00000000eab00000, 0x00000000eba80000, 0x0000000100000000)
  eden space 10240K, 0% used [0x00000000eab00000,0x00000000eab00000,0x00000000eb500000)
  from space 512K, 96% used [0x00000000eb780000,0x00000000eb7fc0d0,0x00000000eb800000)
  to   space 2560K, 0% used [0x00000000eb500000,0x00000000eb500000,0x00000000eb780000)
 ParOldGen       total 283648K, used 283266K [0x00000000c0000000, 0x00000000d1500000, 0x00000000eab00000)
  object space 283648K, 99% used [0x00000000c0000000,0x00000000d14a09d8,0x00000000d1500000)
 Metaspace       used 64659K, committed 66240K, reserved 1114112K
  class space    used 6668K, committed 7360K, reserved 1048576K
}
Event: 16.525 GC heap before
{Heap before GC invocations=268 (full 3):
 PSYoungGen      total 10752K, used 10736K [0x00000000eab00000, 0x00000000eba80000, 0x0000000100000000)
  eden space 10240K, 100% used [0x00000000eab00000,0x00000000eb500000,0x00000000eb500000)
  from space 512K, 96% used [0x00000000eb780000,0x00000000eb7fc0d0,0x00000000eb800000)
  to   space 2560K, 0% used [0x00000000eb500000,0x00000000eb500000,0x00000000eb780000)
 ParOldGen       total 283648K, used 283266K [0x00000000c0000000, 0x00000000d1500000, 0x00000000eab00000)
  object space 283648K, 99% used [0x00000000c0000000,0x00000000d14a09d8,0x00000000d1500000)
 Metaspace       used 64667K, committed 66240K, reserved 1114112K
  class space    used 6668K, committed 7360K, reserved 1048576K
}
Event: 16.529 GC heap after
{Heap after GC invocations=268 (full 3):
 PSYoungGen      total 11776K, used 1102K [0x00000000eab00000, 0x00000000eb800000, 0x0000000100000000)
  eden space 10240K, 0% used [0x00000000eab00000,0x00000000eab00000,0x00000000eb500000)
  from space 1536K, 71% used [0x00000000eb500000,0x00000000eb6138e0,0x00000000eb680000)
  to   space 1536K, 0% used [0x00000000eb680000,0x00000000eb680000,0x00000000eb800000)
 ParOldGen       total 284160K, used 283794K [0x00000000c0000000, 0x00000000d1580000, 0x00000000eab00000)
  object space 284160K, 99% used [0x00000000c0000000,0x00000000d1524980,0x00000000d1580000)
 Metaspace       used 64667K, committed 66240K, reserved 1114112K
  class space    used 6668K, committed 7360K, reserved 1048576K
}
Event: 16.547 GC heap before
{Heap before GC invocations=269 (full 3):
 PSYoungGen      total 11776K, used 11342K [0x00000000eab00000, 0x00000000eb800000, 0x0000000100000000)
  eden space 10240K, 100% used [0x00000000eab00000,0x00000000eb500000,0x00000000eb500000)
  from space 1536K, 71% used [0x00000000eb500000,0x00000000eb6138e0,0x00000000eb680000)
  to   space 1536K, 0% used [0x00000000eb680000,0x00000000eb680000,0x00000000eb800000)
 ParOldGen       total 284160K, used 283794K [0x00000000c0000000, 0x00000000d1580000, 0x00000000eab00000)
  object space 284160K, 99% used [0x00000000c0000000,0x00000000d1524980,0x00000000d1580000)
 Metaspace       used 64671K, committed 66240K, reserved 1114112K
  class space    used 6668K, committed 7360K, reserved 1048576K
}
Event: 16.549 GC heap after
{Heap after GC invocations=269 (full 3):
 PSYoungGen      total 11776K, used 1024K [0x00000000eab00000, 0x00000000eb800000, 0x0000000100000000)
  eden space 10240K, 0% used [0x00000000eab00000,0x00000000eab00000,0x00000000eb500000)
  from space 1536K, 66% used [0x00000000eb680000,0x00000000eb7801a8,0x00000000eb800000)
  to   space 1536K, 0% used [0x00000000eb500000,0x00000000eb500000,0x00000000eb680000)
 ParOldGen       total 285184K, used 284782K [0x00000000c0000000, 0x00000000d1680000, 0x00000000eab00000)
  object space 285184K, 99% used [0x00000000c0000000,0x00000000d161ba68,0x00000000d1680000)
 Metaspace       used 64671K, committed 66240K, reserved 1114112K
  class space    used 6668K, committed 7360K, reserved 1048576K
}
Event: 16.574 GC heap before
{Heap before GC invocations=270 (full 3):
 PSYoungGen      total 11776K, used 11264K [0x00000000eab00000, 0x00000000eb800000, 0x0000000100000000)
  eden space 10240K, 100% used [0x00000000eab00000,0x00000000eb500000,0x00000000eb500000)
  from space 1536K, 66% used [0x00000000eb680000,0x00000000eb7801a8,0x00000000eb800000)
  to   space 1536K, 0% used [0x00000000eb500000,0x00000000eb500000,0x00000000eb680000)
 ParOldGen       total 285184K, used 284782K [0x00000000c0000000, 0x00000000d1680000, 0x00000000eab00000)
  object space 285184K, 99% used [0x00000000c0000000,0x00000000d161ba68,0x00000000d1680000)
 Metaspace       used 64671K, committed 66240K, reserved 1114112K
  class space    used 6668K, committed 7360K, reserved 1048576K
}
Event: 16.577 GC heap after
{Heap after GC invocations=270 (full 3):
 PSYoungGen      total 11776K, used 1270K [0x00000000eab00000, 0x00000000eb800000, 0x0000000100000000)
  eden space 10240K, 0% used [0x00000000eab00000,0x00000000eab00000,0x00000000eb500000)
  from space 1536K, 82% used [0x00000000eb500000,0x00000000eb63d940,0x00000000eb680000)
  to   space 1536K, 0% used [0x00000000eb680000,0x00000000eb680000,0x00000000eb800000)
 ParOldGen       total 286720K, used 286434K [0x00000000c0000000, 0x00000000d1800000, 0x00000000eab00000)
  object space 286720K, 99% used [0x00000000c0000000,0x00000000d17b89b0,0x00000000d1800000)
 Metaspace       used 64671K, committed 66240K, reserved 1114112K
  class space    used 6668K, committed 7360K, reserved 1048576K
}

