# JRE version: OpenJDK Runtime Environment Temurin-21.0.7+6 (21.0.7+6) (build 21.0.7+6-LTS)
# Java VM: OpenJDK 64-Bit Server VM Temurin-21.0.7+6 (21.0.7+6-LTS, mixed mode, sharing, tiered, compressed oops, compressed class ptrs, parallel gc, windows-amd64)
GC Precious Log:
 CardTable entry size: 512
 CPUs: 8 total, 8 available
 Memory: 8099M
 Large Page Support: Disabled
 NUMA Support: Disabled
 Compressed Oops: Enabled (32-bit)
 Alignments: Space 512K, Generation 512K, Heap 2M
 Heap Min Capacity: 100M
 Heap Initial Capacity: 100M
 Heap Max Capacity: 1G
 Pre-touch: Disabled
 Parallel Workers: 8
Heap:
 PSYoungGen      total 5632K, used 3093K [0x00000000eab00000, 0x00000000eb280000, 0x0000000100000000)
  eden space 4608K, 49% used [0x00000000eab00000,0x00000000ead3d6b0,0x00000000eaf80000)
  from space 1024K, 78% used [0x00000000eb180000,0x00000000eb248000,0x00000000eb280000)
  to   space 1536K, 0% used [0x00000000eaf80000,0x00000000eaf80000,0x00000000eb100000)
 ParOldGen       total 148480K, used 148244K [0x00000000c0000000, 0x00000000c9100000, 0x00000000eab00000)
  object space 148480K, 99% used [0x00000000c0000000,0x00000000c90c5338,0x00000000c9100000)
 Metaspace       used 61666K, committed 63104K, reserved 1114112K
  class space    used 6313K, committed 6976K, reserved 1048576K
GC Heap History (20 events):
Event: 22.476 GC heap before
{Heap before GC invocations=126 (full 3):
 PSYoungGen      total 5632K, used 5459K [0x00000000eab00000, 0x00000000eb180000, 0x0000000100000000)
  eden space 4608K, 100% used [0x00000000eab00000,0x00000000eaf80000,0x00000000eaf80000)
  from space 1024K, 83% used [0x00000000eb080000,0x00000000eb154cc8,0x00000000eb180000)
  to   space 1024K, 0% used [0x00000000eaf80000,0x00000000eaf80000,0x00000000eb080000)
 ParOldGen       total 140800K, used 140471K [0x00000000c0000000, 0x00000000c8980000, 0x00000000eab00000)
  object space 140800K, 99% used [0x00000000c0000000,0x00000000c892dd48,0x00000000c8980000)
 Metaspace       used 60998K, committed 62400K, reserved 1114112K
  class space    used 6230K, committed 6848K, reserved 1048576K
}
Event: 22.477 GC heap after
{Heap after GC invocations=126 (full 3):
 PSYoungGen      total 5632K, used 896K [0x00000000eab00000, 0x00000000eb180000, 0x0000000100000000)
  eden space 4608K, 0% used [0x00000000eab00000,0x00000000eab00000,0x00000000eaf80000)
  from space 1024K, 87% used [0x00000000eaf80000,0x00000000eb060000,0x00000000eb080000)
  to   space 1024K, 0% used [0x00000000eb080000,0x00000000eb080000,0x00000000eb180000)
 ParOldGen       total 141312K, used 141234K [0x00000000c0000000, 0x00000000c8a00000, 0x00000000eab00000)
  object space 141312K, 99% used [0x00000000c0000000,0x00000000c89ec8f8,0x00000000c8a00000)
 Metaspace       used 60998K, committed 62400K, reserved 1114112K
  class space    used 6230K, committed 6848K, reserved 1048576K
}
Event: 22.516 GC heap before
{Heap before GC invocations=127 (full 3):
 PSYoungGen      total 5632K, used 5467K [0x00000000eab00000, 0x00000000eb180000, 0x0000000100000000)
  eden space 4608K, 99% used [0x00000000eab00000,0x00000000eaf76f70,0x00000000eaf80000)
  from space 1024K, 87% used [0x00000000eaf80000,0x00000000eb060000,0x00000000eb080000)
  to   space 1024K, 0% used [0x00000000eb080000,0x00000000eb080000,0x00000000eb180000)
 ParOldGen       total 141312K, used 141234K [0x00000000c0000000, 0x00000000c8a00000, 0x00000000eab00000)
  object space 141312K, 99% used [0x00000000c0000000,0x00000000c89ec8f8,0x00000000c8a00000)
 Metaspace       used 60999K, committed 62400K, reserved 1114112K
  class space    used 6230K, committed 6848K, reserved 1048576K
}
Event: 22.519 GC heap after
{Heap after GC invocations=127 (full 3):
 PSYoungGen      total 5632K, used 868K [0x00000000eab00000, 0x00000000eb180000, 0x0000000100000000)
  eden space 4608K, 0% used [0x00000000eab00000,0x00000000eab00000,0x00000000eaf80000)
  from space 1024K, 84% used [0x00000000eb080000,0x00000000eb159308,0x00000000eb180000)
  to   space 1024K, 0% used [0x00000000eaf80000,0x00000000eaf80000,0x00000000eb080000)
 ParOldGen       total 142336K, used 141990K [0x00000000c0000000, 0x00000000c8b00000, 0x00000000eab00000)
  object space 142336K, 99% used [0x00000000c0000000,0x00000000c8aa9860,0x00000000c8b00000)
 Metaspace       used 60999K, committed 62400K, reserved 1114112K
  class space    used 6230K, committed 6848K, reserved 1048576K
}
Event: 22.592 GC heap before
{Heap before GC invocations=128 (full 3):
 PSYoungGen      total 5632K, used 5476K [0x00000000eab00000, 0x00000000eb180000, 0x0000000100000000)
  eden space 4608K, 100% used [0x00000000eab00000,0x00000000eaf80000,0x00000000eaf80000)
  from space 1024K, 84% used [0x00000000eb080000,0x00000000eb159308,0x00000000eb180000)
  to   space 1024K, 0% used [0x00000000eaf80000,0x00000000eaf80000,0x00000000eb080000)
 ParOldGen       total 142336K, used 141998K [0x00000000c0000000, 0x00000000c8b00000, 0x00000000eab00000)
  object space 142336K, 99% used [0x00000000c0000000,0x00000000c8aaba48,0x00000000c8b00000)
 Metaspace       used 60999K, committed 62400K, reserved 1114112K
  class space    used 6230K, committed 6848K, reserved 1048576K
}
Event: 22.594 GC heap after
{Heap after GC invocations=128 (full 3):
 PSYoungGen      total 5632K, used 919K [0x00000000eab00000, 0x00000000eb180000, 0x0000000100000000)
  eden space 4608K, 0% used [0x00000000eab00000,0x00000000eab00000,0x00000000eaf80000)
  from space 1024K, 89% used [0x00000000eaf80000,0x00000000eb065f58,0x00000000eb080000)
  to   space 1024K, 0% used [0x00000000eb080000,0x00000000eb080000,0x00000000eb180000)
 ParOldGen       total 142848K, used 142768K [0x00000000c0000000, 0x00000000c8b80000, 0x00000000eab00000)
  object space 142848K, 99% used [0x00000000c0000000,0x00000000c8b6c038,0x00000000c8b80000)
 Metaspace       used 60999K, committed 62400K, reserved 1114112K
  class space    used 6230K, committed 6848K, reserved 1048576K
}
Event: 22.616 GC heap before
{Heap before GC invocations=129 (full 3):
 PSYoungGen      total 5632K, used 5527K [0x00000000eab00000, 0x00000000eb180000, 0x0000000100000000)
  eden space 4608K, 100% used [0x00000000eab00000,0x00000000eaf80000,0x00000000eaf80000)
  from space 1024K, 89% used [0x00000000eaf80000,0x00000000eb065f58,0x00000000eb080000)
  to   space 1024K, 0% used [0x00000000eb080000,0x00000000eb080000,0x00000000eb180000)
 ParOldGen       total 142848K, used 142769K [0x00000000c0000000, 0x00000000c8b80000, 0x00000000eab00000)
  object space 142848K, 99% used [0x00000000c0000000,0x00000000c8b6c7b0,0x00000000c8b80000)
 Metaspace       used 60999K, committed 62400K, reserved 1114112K
  class space    used 6230K, committed 6848K, reserved 1048576K
}
Event: 22.618 GC heap after
{Heap after GC invocations=129 (full 3):
 PSYoungGen      total 5632K, used 849K [0x00000000eab00000, 0x00000000eb180000, 0x0000000100000000)
  eden space 4608K, 0% used [0x00000000eab00000,0x00000000eab00000,0x00000000eaf80000)
  from space 1024K, 82% used [0x00000000eb080000,0x00000000eb1546e0,0x00000000eb180000)
  to   space 1024K, 0% used [0x00000000eaf80000,0x00000000eaf80000,0x00000000eb080000)
 ParOldGen       total 143872K, used 143537K [0x00000000c0000000, 0x00000000c8c80000, 0x00000000eab00000)
  object space 143872K, 99% used [0x00000000c0000000,0x00000000c8c2c750,0x00000000c8c80000)
 Metaspace       used 60999K, committed 62400K, reserved 1114112K
  class space    used 6230K, committed 6848K, reserved 1048576K
}
Event: 22.659 GC heap before
{Heap before GC invocations=130 (full 3):
 PSYoungGen      total 5632K, used 5457K [0x00000000eab00000, 0x00000000eb180000, 0x0000000100000000)
  eden space 4608K, 100% used [0x00000000eab00000,0x00000000eaf80000,0x00000000eaf80000)
  from space 1024K, 82% used [0x00000000eb080000,0x00000000eb1546e0,0x00000000eb180000)
  to   space 1024K, 0% used [0x00000000eaf80000,0x00000000eaf80000,0x00000000eb080000)
 ParOldGen       total 143872K, used 143537K [0x00000000c0000000, 0x00000000c8c80000, 0x00000000eab00000)
  object space 143872K, 99% used [0x00000000c0000000,0x00000000c8c2c750,0x00000000c8c80000)
 Metaspace       used 61001K, committed 62400K, reserved 1114112K
  class space    used 6230K, committed 6848K, reserved 1048576K
}
Event: 22.662 GC heap after
{Heap after GC invocations=130 (full 3):
 PSYoungGen      total 5632K, used 837K [0x00000000eab00000, 0x00000000eb180000, 0x0000000100000000)
  eden space 4608K, 0% used [0x00000000eab00000,0x00000000eab00000,0x00000000eaf80000)
  from space 1024K, 81% used [0x00000000eaf80000,0x00000000eb051780,0x00000000eb080000)
  to   space 1024K, 0% used [0x00000000eb080000,0x00000000eb080000,0x00000000eb180000)
 ParOldGen       total 144384K, used 144273K [0x00000000c0000000, 0x00000000c8d00000, 0x00000000eab00000)
  object space 144384K, 99% used [0x00000000c0000000,0x00000000c8ce4488,0x00000000c8d00000)
 Metaspace       used 61001K, committed 62400K, reserved 1114112K
  class space    used 6230K, committed 6848K, reserved 1048576K
}
Event: 22.698 GC heap before
{Heap before GC invocations=131 (full 3):
 PSYoungGen      total 5632K, used 5445K [0x00000000eab00000, 0x00000000eb180000, 0x0000000100000000)
  eden space 4608K, 100% used [0x00000000eab00000,0x00000000eaf80000,0x00000000eaf80000)
  from space 1024K, 81% used [0x00000000eaf80000,0x00000000eb051780,0x00000000eb080000)
  to   space 1024K, 0% used [0x00000000eb080000,0x00000000eb080000,0x00000000eb180000)
 ParOldGen       total 144384K, used 144273K [0x00000000c0000000, 0x00000000c8d00000, 0x00000000eab00000)
  object space 144384K, 99% used [0x00000000c0000000,0x00000000c8ce4488,0x00000000c8d00000)
 Metaspace       used 61091K, committed 62464K, reserved 1114112K
  class space    used 6243K, committed 6848K, reserved 1048576K
}
Event: 22.700 GC heap after
{Heap after GC invocations=131 (full 3):
 PSYoungGen      total 5632K, used 806K [0x00000000eab00000, 0x00000000eb180000, 0x0000000100000000)
  eden space 4608K, 0% used [0x00000000eab00000,0x00000000eab00000,0x00000000eaf80000)
  from space 1024K, 78% used [0x00000000eb080000,0x00000000eb149970,0x00000000eb180000)
  to   space 1024K, 0% used [0x00000000eaf80000,0x00000000eaf80000,0x00000000eb080000)
 ParOldGen       total 145408K, used 145016K [0x00000000c0000000, 0x00000000c8e00000, 0x00000000eab00000)
  object space 145408K, 99% used [0x00000000c0000000,0x00000000c8d9e0f0,0x00000000c8e00000)
 Metaspace       used 61091K, committed 62464K, reserved 1114112K
  class space    used 6243K, committed 6848K, reserved 1048576K
}
Event: 22.754 GC heap before
{Heap before GC invocations=132 (full 3):
 PSYoungGen      total 5632K, used 5414K [0x00000000eab00000, 0x00000000eb180000, 0x0000000100000000)
  eden space 4608K, 100% used [0x00000000eab00000,0x00000000eaf80000,0x00000000eaf80000)
  from space 1024K, 78% used [0x00000000eb080000,0x00000000eb149970,0x00000000eb180000)
  to   space 1024K, 0% used [0x00000000eaf80000,0x00000000eaf80000,0x00000000eb080000)
 ParOldGen       total 145408K, used 145016K [0x00000000c0000000, 0x00000000c8e00000, 0x00000000eab00000)
  object space 145408K, 99% used [0x00000000c0000000,0x00000000c8d9e0f0,0x00000000c8e00000)
 Metaspace       used 61182K, committed 62528K, reserved 1114112K
  class space    used 6253K, committed 6848K, reserved 1048576K
}
Event: 22.756 GC heap after
{Heap after GC invocations=132 (full 3):
 PSYoungGen      total 5632K, used 867K [0x00000000eab00000, 0x00000000eb180000, 0x0000000100000000)
  eden space 4608K, 0% used [0x00000000eab00000,0x00000000eab00000,0x00000000eaf80000)
  from space 1024K, 84% used [0x00000000eaf80000,0x00000000eb058ea0,0x00000000eb080000)
  to   space 1024K, 0% used [0x00000000eb080000,0x00000000eb080000,0x00000000eb180000)
 ParOldGen       total 145920K, used 145773K [0x00000000c0000000, 0x00000000c8e80000, 0x00000000eab00000)
  object space 145920K, 99% used [0x00000000c0000000,0x00000000c8e5b678,0x00000000c8e80000)
 Metaspace       used 61182K, committed 62528K, reserved 1114112K
  class space    used 6253K, committed 6848K, reserved 1048576K
}
Event: 22.819 GC heap before
{Heap before GC invocations=133 (full 3):
 PSYoungGen      total 5632K, used 5475K [0x00000000eab00000, 0x00000000eb180000, 0x0000000100000000)
  eden space 4608K, 100% used [0x00000000eab00000,0x00000000eaf80000,0x00000000eaf80000)
  from space 1024K, 84% used [0x00000000eaf80000,0x00000000eb058ea0,0x00000000eb080000)
  to   space 1024K, 0% used [0x00000000eb080000,0x00000000eb080000,0x00000000eb180000)
 ParOldGen       total 145920K, used 145773K [0x00000000c0000000, 0x00000000c8e80000, 0x00000000eab00000)
  object space 145920K, 99% used [0x00000000c0000000,0x00000000c8e5b678,0x00000000c8e80000)
 Metaspace       used 61341K, committed 62784K, reserved 1114112K
  class space    used 6271K, committed 6912K, reserved 1048576K
}
Event: 22.821 GC heap after
{Heap after GC invocations=133 (full 3):
 PSYoungGen      total 5632K, used 896K [0x00000000eab00000, 0x00000000eb180000, 0x0000000100000000)
  eden space 4608K, 0% used [0x00000000eab00000,0x00000000eab00000,0x00000000eaf80000)
  from space 1024K, 87% used [0x00000000eb080000,0x00000000eb160000,0x00000000eb180000)
  to   space 1024K, 0% used [0x00000000eaf80000,0x00000000eaf80000,0x00000000eb080000)
 ParOldGen       total 146944K, used 146447K [0x00000000c0000000, 0x00000000c8f80000, 0x00000000eab00000)
  object space 146944K, 99% used [0x00000000c0000000,0x00000000c8f03e28,0x00000000c8f80000)
 Metaspace       used 61341K, committed 62784K, reserved 1114112K
  class space    used 6271K, committed 6912K, reserved 1048576K
}
Event: 22.856 GC heap before
{Heap before GC invocations=134 (full 3):
 PSYoungGen      total 5632K, used 5504K [0x00000000eab00000, 0x00000000eb180000, 0x0000000100000000)
  eden space 4608K, 100% used [0x00000000eab00000,0x00000000eaf80000,0x00000000eaf80000)
  from space 1024K, 87% used [0x00000000eb080000,0x00000000eb160000,0x00000000eb180000)
  to   space 1024K, 0% used [0x00000000eaf80000,0x00000000eaf80000,0x00000000eb080000)
 ParOldGen       total 146944K, used 146447K [0x00000000c0000000, 0x00000000c8f80000, 0x00000000eab00000)
  object space 146944K, 99% used [0x00000000c0000000,0x00000000c8f03e28,0x00000000c8f80000)
 Metaspace       used 61405K, committed 62784K, reserved 1114112K
  class space    used 6284K, committed 6912K, reserved 1048576K
}
Event: 22.858 GC heap after
{Heap after GC invocations=134 (full 3):
 PSYoungGen      total 5632K, used 1024K [0x00000000eab00000, 0x00000000eb380000, 0x0000000100000000)
  eden space 4608K, 0% used [0x00000000eab00000,0x00000000eab00000,0x00000000eaf80000)
  from space 1024K, 100% used [0x00000000eaf80000,0x00000000eb080000,0x00000000eb080000)
  to   space 2048K, 0% used [0x00000000eb180000,0x00000000eb180000,0x00000000eb380000)
 ParOldGen       total 147456K, used 147247K [0x00000000c0000000, 0x00000000c9000000, 0x00000000eab00000)
  object space 147456K, 99% used [0x00000000c0000000,0x00000000c8fcbd40,0x00000000c9000000)
 Metaspace       used 61405K, committed 62784K, reserved 1114112K
  class space    used 6284K, committed 6912K, reserved 1048576K
}
Event: 23.032 GC heap before
{Heap before GC invocations=135 (full 3):
 PSYoungGen      total 5632K, used 5632K [0x00000000eab00000, 0x00000000eb380000, 0x0000000100000000)
  eden space 4608K, 100% used [0x00000000eab00000,0x00000000eaf80000,0x00000000eaf80000)
  from space 1024K, 100% used [0x00000000eaf80000,0x00000000eb080000,0x00000000eb080000)
  to   space 2048K, 0% used [0x00000000eb180000,0x00000000eb180000,0x00000000eb380000)
 ParOldGen       total 147456K, used 147455K [0x00000000c0000000, 0x00000000c9000000, 0x00000000eab00000)
  object space 147456K, 99% used [0x00000000c0000000,0x00000000c8fffef8,0x00000000c9000000)
 Metaspace       used 61547K, committed 62912K, reserved 1114112K
  class space    used 6296K, committed 6912K, reserved 1048576K
}
Event: 23.035 GC heap after
{Heap after GC invocations=135 (full 3):
 PSYoungGen      total 5632K, used 800K [0x00000000eab00000, 0x00000000eb280000, 0x0000000100000000)
  eden space 4608K, 0% used [0x00000000eab00000,0x00000000eab00000,0x00000000eaf80000)
  from space 1024K, 78% used [0x00000000eb180000,0x00000000eb248000,0x00000000eb280000)
  to   space 1536K, 0% used [0x00000000eaf80000,0x00000000eaf80000,0x00000000eb100000)
 ParOldGen       total 148480K, used 148244K [0x00000000c0000000, 0x00000000c9100000, 0x00000000eab00000)
  object space 148480K, 99% used [0x00000000c0000000,0x00000000c90c5338,0x00000000c9100000)
 Metaspace       used 61547K, committed 62912K, reserved 1114112K
  class space    used 6296K, committed 6912K, reserved 1048576K
}

