# JRE version: OpenJDK Runtime Environment Temurin-21.0.7+6 (21.0.7+6) (build 21.0.7+6-LTS)
# Java VM: OpenJDK 64-Bit Server VM Temurin-21.0.7+6 (21.0.7+6-LTS, mixed mode, sharing, tiered, compressed oops, compressed class ptrs, parallel gc, windows-amd64)
GC Precious Log:
 CardTable entry size: 512
 CPUs: 8 total, 8 available
 Memory: 8099M
 Large Page Support: Disabled
 NUMA Support: Disabled
 Compressed Oops: Enabled (32-bit)
 Alignments: Space 512K, Generation 512K, Heap 2M
 Heap Min Capacity: 100M
 Heap Initial Capacity: 100M
 Heap Max Capacity: 1G
 Pre-touch: Disabled
 Parallel Workers: 8
Heap:
 PSYoungGen      total 22528K, used 14829K [0x00000000eab00000, 0x00000000ec780000, 0x0000000100000000)
  eden space 22016K, 65% used [0x00000000eab00000,0x00000000eb8fb700,0x00000000ec080000)
  from space 512K, 100% used [0x00000000ec580000,0x00000000ec600000,0x00000000ec600000)
  to   space 3584K, 0% used [0x00000000ec080000,0x00000000ec080000,0x00000000ec400000)
 ParOldGen       total 68608K, used 22796K [0x00000000c0000000, 0x00000000c4300000, 0x00000000eab00000)
  object space 68608K, 33% used [0x00000000c0000000,0x00000000c1643048,0x00000000c4300000)
 Metaspace       used 39198K, committed 40384K, reserved 1114112K
  class space    used 4032K, committed 4544K, reserved 1048576K
GC Heap History (20 events):
Event: 5.245 GC heap before
{Heap before GC invocations=9 (full 1):
 PSYoungGen      total 29184K, used 24576K [0x00000000eab00000, 0x00000000ecd00000, 0x0000000100000000)
  eden space 24576K, 100% used [0x00000000eab00000,0x00000000ec300000,0x00000000ec300000)
  from space 4608K, 0% used [0x00000000ec400000,0x00000000ec400000,0x00000000ec880000)
  to   space 4608K, 0% used [0x00000000ec880000,0x00000000ec880000,0x00000000ecd00000)
 ParOldGen       total 68608K, used 12662K [0x00000000c0000000, 0x00000000c4300000, 0x00000000eab00000)
  object space 68608K, 18% used [0x00000000c0000000,0x00000000c0c5d878,0x00000000c4300000)
 Metaspace       used 22446K, committed 23424K, reserved 1114112K
  class space    used 2288K, committed 2688K, reserved 1048576K
}
Event: 5.247 GC heap after
{Heap after GC invocations=9 (full 1):
 PSYoungGen      total 27136K, used 2760K [0x00000000eab00000, 0x00000000ecb80000, 0x0000000100000000)
  eden space 24064K, 0% used [0x00000000eab00000,0x00000000eab00000,0x00000000ec280000)
  from space 3072K, 89% used [0x00000000ec880000,0x00000000ecb32360,0x00000000ecb80000)
  to   space 3584K, 0% used [0x00000000ec480000,0x00000000ec480000,0x00000000ec800000)
 ParOldGen       total 68608K, used 12670K [0x00000000c0000000, 0x00000000c4300000, 0x00000000eab00000)
  object space 68608K, 18% used [0x00000000c0000000,0x00000000c0c5f878,0x00000000c4300000)
 Metaspace       used 22446K, committed 23424K, reserved 1114112K
  class space    used 2288K, committed 2688K, reserved 1048576K
}
Event: 5.648 GC heap before
{Heap before GC invocations=10 (full 1):
 PSYoungGen      total 27136K, used 26824K [0x00000000eab00000, 0x00000000ecb80000, 0x0000000100000000)
  eden space 24064K, 100% used [0x00000000eab00000,0x00000000ec280000,0x00000000ec280000)
  from space 3072K, 89% used [0x00000000ec880000,0x00000000ecb32360,0x00000000ecb80000)
  to   space 3584K, 0% used [0x00000000ec480000,0x00000000ec480000,0x00000000ec800000)
 ParOldGen       total 68608K, used 12670K [0x00000000c0000000, 0x00000000c4300000, 0x00000000eab00000)
  object space 68608K, 18% used [0x00000000c0000000,0x00000000c0c5f878,0x00000000c4300000)
 Metaspace       used 26324K, committed 27328K, reserved 1114112K
  class space    used 2571K, committed 3008K, reserved 1048576K
}
Event: 5.650 GC heap after
{Heap after GC invocations=10 (full 1):
 PSYoungGen      total 25088K, used 1244K [0x00000000eab00000, 0x00000000ec900000, 0x0000000100000000)
  eden space 23552K, 0% used [0x00000000eab00000,0x00000000eab00000,0x00000000ec200000)
  from space 1536K, 81% used [0x00000000ec480000,0x00000000ec5b7198,0x00000000ec600000)
  to   space 2048K, 0% used [0x00000000ec700000,0x00000000ec700000,0x00000000ec900000)
 ParOldGen       total 68608K, used 12678K [0x00000000c0000000, 0x00000000c4300000, 0x00000000eab00000)
  object space 68608K, 18% used [0x00000000c0000000,0x00000000c0c61878,0x00000000c4300000)
 Metaspace       used 26324K, committed 27328K, reserved 1114112K
  class space    used 2571K, committed 3008K, reserved 1048576K
}
Event: 5.934 GC heap before
{Heap before GC invocations=11 (full 1):
 PSYoungGen      total 25088K, used 24796K [0x00000000eab00000, 0x00000000ec900000, 0x0000000100000000)
  eden space 23552K, 100% used [0x00000000eab00000,0x00000000ec200000,0x00000000ec200000)
  from space 1536K, 81% used [0x00000000ec480000,0x00000000ec5b7198,0x00000000ec600000)
  to   space 2048K, 0% used [0x00000000ec700000,0x00000000ec700000,0x00000000ec900000)
 ParOldGen       total 68608K, used 12678K [0x00000000c0000000, 0x00000000c4300000, 0x00000000eab00000)
  object space 68608K, 18% used [0x00000000c0000000,0x00000000c0c61878,0x00000000c4300000)
 Metaspace       used 27982K, committed 28992K, reserved 1114112K
  class space    used 2688K, committed 3072K, reserved 1048576K
}
Event: 5.936 GC heap after
{Heap after GC invocations=11 (full 1):
 PSYoungGen      total 25088K, used 1691K [0x00000000eab00000, 0x00000000ec900000, 0x0000000100000000)
  eden space 23040K, 0% used [0x00000000eab00000,0x00000000eab00000,0x00000000ec180000)
  from space 2048K, 82% used [0x00000000ec700000,0x00000000ec8a6da0,0x00000000ec900000)
  to   space 2048K, 0% used [0x00000000ec500000,0x00000000ec500000,0x00000000ec700000)
 ParOldGen       total 68608K, used 14240K [0x00000000c0000000, 0x00000000c4300000, 0x00000000eab00000)
  object space 68608K, 20% used [0x00000000c0000000,0x00000000c0de8290,0x00000000c4300000)
 Metaspace       used 27982K, committed 28992K, reserved 1114112K
  class space    used 2688K, committed 3072K, reserved 1048576K
}
Event: 6.213 GC heap before
{Heap before GC invocations=12 (full 1):
 PSYoungGen      total 25088K, used 24731K [0x00000000eab00000, 0x00000000ec900000, 0x0000000100000000)
  eden space 23040K, 100% used [0x00000000eab00000,0x00000000ec180000,0x00000000ec180000)
  from space 2048K, 82% used [0x00000000ec700000,0x00000000ec8a6da0,0x00000000ec900000)
  to   space 2048K, 0% used [0x00000000ec500000,0x00000000ec500000,0x00000000ec700000)
 ParOldGen       total 68608K, used 14240K [0x00000000c0000000, 0x00000000c4300000, 0x00000000eab00000)
  object space 68608K, 20% used [0x00000000c0000000,0x00000000c0de8290,0x00000000c4300000)
 Metaspace       used 31276K, committed 32384K, reserved 1114112K
  class space    used 3056K, committed 3456K, reserved 1048576K
}
Event: 6.217 GC heap after
{Heap after GC invocations=12 (full 1):
 PSYoungGen      total 24576K, used 1767K [0x00000000eab00000, 0x00000000ec780000, 0x0000000100000000)
  eden space 22528K, 0% used [0x00000000eab00000,0x00000000eab00000,0x00000000ec100000)
  from space 2048K, 86% used [0x00000000ec500000,0x00000000ec6b9fc8,0x00000000ec700000)
  to   space 512K, 0% used [0x00000000ec700000,0x00000000ec700000,0x00000000ec780000)
 ParOldGen       total 68608K, used 15834K [0x00000000c0000000, 0x00000000c4300000, 0x00000000eab00000)
  object space 68608K, 23% used [0x00000000c0000000,0x00000000c0f76878,0x00000000c4300000)
 Metaspace       used 31276K, committed 32384K, reserved 1114112K
  class space    used 3056K, committed 3456K, reserved 1048576K
}
Event: 6.419 GC heap before
{Heap before GC invocations=13 (full 1):
 PSYoungGen      total 24576K, used 24295K [0x00000000eab00000, 0x00000000ec780000, 0x0000000100000000)
  eden space 22528K, 100% used [0x00000000eab00000,0x00000000ec100000,0x00000000ec100000)
  from space 2048K, 86% used [0x00000000ec500000,0x00000000ec6b9fc8,0x00000000ec700000)
  to   space 512K, 0% used [0x00000000ec700000,0x00000000ec700000,0x00000000ec780000)
 ParOldGen       total 68608K, used 15834K [0x00000000c0000000, 0x00000000c4300000, 0x00000000eab00000)
  object space 68608K, 23% used [0x00000000c0000000,0x00000000c0f76878,0x00000000c4300000)
 Metaspace       used 33639K, committed 34816K, reserved 1114112K
  class space    used 3369K, committed 3840K, reserved 1048576K
}
Event: 6.422 GC heap after
{Heap after GC invocations=13 (full 1):
 PSYoungGen      total 22528K, used 481K [0x00000000eab00000, 0x00000000ec780000, 0x0000000100000000)
  eden space 22016K, 0% used [0x00000000eab00000,0x00000000eab00000,0x00000000ec080000)
  from space 512K, 94% used [0x00000000ec700000,0x00000000ec7787a0,0x00000000ec780000)
  to   space 3072K, 0% used [0x00000000ec180000,0x00000000ec180000,0x00000000ec480000)
 ParOldGen       total 68608K, used 17883K [0x00000000c0000000, 0x00000000c4300000, 0x00000000eab00000)
  object space 68608K, 26% used [0x00000000c0000000,0x00000000c1176e70,0x00000000c4300000)
 Metaspace       used 33639K, committed 34816K, reserved 1114112K
  class space    used 3369K, committed 3840K, reserved 1048576K
}
Event: 6.492 GC heap before
{Heap before GC invocations=14 (full 1):
 PSYoungGen      total 22528K, used 10730K [0x00000000eab00000, 0x00000000ec780000, 0x0000000100000000)
  eden space 22016K, 46% used [0x00000000eab00000,0x00000000eb5020f8,0x00000000ec080000)
  from space 512K, 94% used [0x00000000ec700000,0x00000000ec7787a0,0x00000000ec780000)
  to   space 3072K, 0% used [0x00000000ec180000,0x00000000ec180000,0x00000000ec480000)
 ParOldGen       total 68608K, used 17883K [0x00000000c0000000, 0x00000000c4300000, 0x00000000eab00000)
  object space 68608K, 26% used [0x00000000c0000000,0x00000000c1176e70,0x00000000c4300000)
 Metaspace       used 34726K, committed 35840K, reserved 1114112K
  class space    used 3495K, committed 3968K, reserved 1048576K
}
Event: 6.494 GC heap after
{Heap after GC invocations=14 (full 1):
 PSYoungGen      total 25088K, used 1019K [0x00000000eab00000, 0x00000000ec780000, 0x0000000100000000)
  eden space 22016K, 0% used [0x00000000eab00000,0x00000000eab00000,0x00000000ec080000)
  from space 3072K, 33% used [0x00000000ec180000,0x00000000ec27ed48,0x00000000ec480000)
  to   space 2048K, 0% used [0x00000000ec580000,0x00000000ec580000,0x00000000ec780000)
 ParOldGen       total 68608K, used 18351K [0x00000000c0000000, 0x00000000c4300000, 0x00000000eab00000)
  object space 68608K, 26% used [0x00000000c0000000,0x00000000c11ebfc0,0x00000000c4300000)
 Metaspace       used 34726K, committed 35840K, reserved 1114112K
  class space    used 3495K, committed 3968K, reserved 1048576K
}
Event: 6.494 GC heap before
{Heap before GC invocations=15 (full 2):
 PSYoungGen      total 25088K, used 1019K [0x00000000eab00000, 0x00000000ec780000, 0x0000000100000000)
  eden space 22016K, 0% used [0x00000000eab00000,0x00000000eab00000,0x00000000ec080000)
  from space 3072K, 33% used [0x00000000ec180000,0x00000000ec27ed48,0x00000000ec480000)
  to   space 2048K, 0% used [0x00000000ec580000,0x00000000ec580000,0x00000000ec780000)
 ParOldGen       total 68608K, used 18351K [0x00000000c0000000, 0x00000000c4300000, 0x00000000eab00000)
  object space 68608K, 26% used [0x00000000c0000000,0x00000000c11ebfc0,0x00000000c4300000)
 Metaspace       used 34726K, committed 35840K, reserved 1114112K
  class space    used 3495K, committed 3968K, reserved 1048576K
}
Event: 6.537 GC heap after
{Heap after GC invocations=15 (full 2):
 PSYoungGen      total 25088K, used 0K [0x00000000eab00000, 0x00000000ec780000, 0x0000000100000000)
  eden space 22016K, 0% used [0x00000000eab00000,0x00000000eab00000,0x00000000ec080000)
  from space 3072K, 0% used [0x00000000ec180000,0x00000000ec180000,0x00000000ec480000)
  to   space 2048K, 0% used [0x00000000ec580000,0x00000000ec580000,0x00000000ec780000)
 ParOldGen       total 68608K, used 18372K [0x00000000c0000000, 0x00000000c4300000, 0x00000000eab00000)
  object space 68608K, 26% used [0x00000000c0000000,0x00000000c11f10c8,0x00000000c4300000)
 Metaspace       used 34726K, committed 35840K, reserved 1114112K
  class space    used 3495K, committed 3968K, reserved 1048576K
}
Event: 6.765 GC heap before
{Heap before GC invocations=16 (full 2):
 PSYoungGen      total 25088K, used 22016K [0x00000000eab00000, 0x00000000ec780000, 0x0000000100000000)
  eden space 22016K, 100% used [0x00000000eab00000,0x00000000ec080000,0x00000000ec080000)
  from space 3072K, 0% used [0x00000000ec180000,0x00000000ec180000,0x00000000ec480000)
  to   space 2048K, 0% used [0x00000000ec580000,0x00000000ec580000,0x00000000ec780000)
 ParOldGen       total 68608K, used 18372K [0x00000000c0000000, 0x00000000c4300000, 0x00000000eab00000)
  object space 68608K, 26% used [0x00000000c0000000,0x00000000c11f10c8,0x00000000c4300000)
 Metaspace       used 37058K, committed 38336K, reserved 1114112K
  class space    used 3807K, committed 4352K, reserved 1048576K
}
Event: 6.767 GC heap after
{Heap after GC invocations=16 (full 2):
 PSYoungGen      total 24064K, used 1693K [0x00000000eab00000, 0x00000000ec780000, 0x0000000100000000)
  eden space 22016K, 0% used [0x00000000eab00000,0x00000000eab00000,0x00000000ec080000)
  from space 2048K, 82% used [0x00000000ec580000,0x00000000ec727680,0x00000000ec780000)
  to   space 2048K, 0% used [0x00000000ec380000,0x00000000ec380000,0x00000000ec580000)
 ParOldGen       total 68608K, used 18380K [0x00000000c0000000, 0x00000000c4300000, 0x00000000eab00000)
  object space 68608K, 26% used [0x00000000c0000000,0x00000000c11f30c8,0x00000000c4300000)
 Metaspace       used 37058K, committed 38336K, reserved 1114112K
  class space    used 3807K, committed 4352K, reserved 1048576K
}
Event: 7.215 GC heap before
{Heap before GC invocations=17 (full 2):
 PSYoungGen      total 24064K, used 23709K [0x00000000eab00000, 0x00000000ec780000, 0x0000000100000000)
  eden space 22016K, 100% used [0x00000000eab00000,0x00000000ec080000,0x00000000ec080000)
  from space 2048K, 82% used [0x00000000ec580000,0x00000000ec727680,0x00000000ec780000)
  to   space 2048K, 0% used [0x00000000ec380000,0x00000000ec380000,0x00000000ec580000)
 ParOldGen       total 68608K, used 18790K [0x00000000c0000000, 0x00000000c4300000, 0x00000000eab00000)
  object space 68608K, 27% used [0x00000000c0000000,0x00000000c1259a48,0x00000000c4300000)
 Metaspace       used 38293K, committed 39488K, reserved 1114112K
  class space    used 3920K, committed 4416K, reserved 1048576K
}
Event: 7.219 GC heap after
{Heap after GC invocations=17 (full 2):
 PSYoungGen      total 24064K, used 1793K [0x00000000eab00000, 0x00000000ec600000, 0x0000000100000000)
  eden space 22016K, 0% used [0x00000000eab00000,0x00000000eab00000,0x00000000ec080000)
  from space 2048K, 87% used [0x00000000ec380000,0x00000000ec540760,0x00000000ec580000)
  to   space 512K, 0% used [0x00000000ec580000,0x00000000ec580000,0x00000000ec600000)
 ParOldGen       total 68608K, used 20158K [0x00000000c0000000, 0x00000000c4300000, 0x00000000eab00000)
  object space 68608K, 29% used [0x00000000c0000000,0x00000000c13afa48,0x00000000c4300000)
 Metaspace       used 38293K, committed 39488K, reserved 1114112K
  class space    used 3920K, committed 4416K, reserved 1048576K
}
Event: 7.320 GC heap before
{Heap before GC invocations=18 (full 2):
 PSYoungGen      total 24064K, used 23809K [0x00000000eab00000, 0x00000000ec600000, 0x0000000100000000)
  eden space 22016K, 100% used [0x00000000eab00000,0x00000000ec080000,0x00000000ec080000)
  from space 2048K, 87% used [0x00000000ec380000,0x00000000ec540760,0x00000000ec580000)
  to   space 512K, 0% used [0x00000000ec580000,0x00000000ec580000,0x00000000ec600000)
 ParOldGen       total 68608K, used 20163K [0x00000000c0000000, 0x00000000c4300000, 0x00000000eab00000)
  object space 68608K, 29% used [0x00000000c0000000,0x00000000c13b0ff8,0x00000000c4300000)
 Metaspace       used 38845K, committed 40064K, reserved 1114112K
  class space    used 3983K, committed 4480K, reserved 1048576K
}
Event: 7.324 GC heap after
{Heap after GC invocations=18 (full 2):
 PSYoungGen      total 22528K, used 512K [0x00000000eab00000, 0x00000000ec780000, 0x0000000100000000)
  eden space 22016K, 0% used [0x00000000eab00000,0x00000000eab00000,0x00000000ec080000)
  from space 512K, 100% used [0x00000000ec580000,0x00000000ec600000,0x00000000ec600000)
  to   space 3584K, 0% used [0x00000000ec080000,0x00000000ec080000,0x00000000ec400000)
 ParOldGen       total 68608K, used 22796K [0x00000000c0000000, 0x00000000c4300000, 0x00000000eab00000)
  object space 68608K, 33% used [0x00000000c0000000,0x00000000c1643048,0x00000000c4300000)
 Metaspace       used 38845K, committed 40064K, reserved 1114112K
  class space    used 3983K, committed 4480K, reserved 1048576K
}

