# JRE version: OpenJDK Runtime Environment Temurin-21.0.7+6 (21.0.7+6) (build 21.0.7+6-LTS)
# Java VM: OpenJDK 64-Bit Server VM Temurin-21.0.7+6 (21.0.7+6-LTS, mixed mode, sharing, tiered, compressed oops, compressed class ptrs, parallel gc, windows-amd64)
GC Precious Log:
 CardTable entry size: 512
 CPUs: 8 total, 8 available
 Memory: 8099M
 Large Page Support: Disabled
 NUMA Support: Disabled
 Compressed Oops: Enabled (32-bit)
 Alignments: Space 512K, Generation 512K, Heap 2M
 Heap Min Capacity: 100M
 Heap Initial Capacity: 100M
 Heap Max Capacity: 1G
 Pre-touch: Disabled
 Parallel Workers: 8
Heap:
 PSYoungGen      total 3584K, used 1852K [0x00000000eab00000, 0x00000000eb100000, 0x0000000100000000)
  eden space 2048K, 16% used [0x00000000eab00000,0x00000000eab53cb0,0x00000000ead00000)
  from space 1536K, 98% used [0x00000000ead00000,0x00000000eae7b600,0x00000000eae80000)
  to   space 2048K, 0% used [0x00000000eaf00000,0x00000000eaf00000,0x00000000eb100000)
 ParOldGen       total 380928K, used 380468K [0x00000000c0000000, 0x00000000d7400000, 0x00000000eab00000)
  object space 380928K, 99% used [0x00000000c0000000,0x00000000d738d268,0x00000000d7400000)
 Metaspace       used 65958K, committed 67456K, reserved 1114112K
  class space    used 6765K, committed 7424K, reserved 1048576K
GC Heap History (20 events):
Event: 21.562 GC heap before
{Heap before GC invocations=649 (full 3):
 PSYoungGen      total 3584K, used 2976K [0x00000000eab00000, 0x00000000eaf80000, 0x0000000100000000)
  eden space 2560K, 100% used [0x00000000eab00000,0x00000000ead80000,0x00000000ead80000)
  from space 1024K, 40% used [0x00000000ead80000,0x00000000eade8000,0x00000000eae80000)
  to   space 1024K, 0% used [0x00000000eae80000,0x00000000eae80000,0x00000000eaf80000)
 ParOldGen       total 376832K, used 376724K [0x00000000c0000000, 0x00000000d7000000, 0x00000000eab00000)
  object space 376832K, 99% used [0x00000000c0000000,0x00000000d6fe50a0,0x00000000d7000000)
 Metaspace       used 65956K, committed 67456K, reserved 1114112K
  class space    used 6765K, committed 7424K, reserved 1048576K
}
Event: 21.563 GC heap after
{Heap after GC invocations=649 (full 3):
 PSYoungGen      total 3072K, used 448K [0x00000000eab00000, 0x00000000eaf00000, 0x0000000100000000)
  eden space 2560K, 0% used [0x00000000eab00000,0x00000000eab00000,0x00000000ead80000)
  from space 512K, 87% used [0x00000000eae80000,0x00000000eaef0000,0x00000000eaf00000)
  to   space 512K, 0% used [0x00000000eae00000,0x00000000eae00000,0x00000000eae80000)
 ParOldGen       total 377344K, used 377036K [0x00000000c0000000, 0x00000000d7080000, 0x00000000eab00000)
  object space 377344K, 99% used [0x00000000c0000000,0x00000000d70330a0,0x00000000d7080000)
 Metaspace       used 65956K, committed 67456K, reserved 1114112K
  class space    used 6765K, committed 7424K, reserved 1048576K
}
Event: 21.577 GC heap before
{Heap before GC invocations=650 (full 3):
 PSYoungGen      total 3072K, used 3008K [0x00000000eab00000, 0x00000000eaf00000, 0x0000000100000000)
  eden space 2560K, 100% used [0x00000000eab00000,0x00000000ead80000,0x00000000ead80000)
  from space 512K, 87% used [0x00000000eae80000,0x00000000eaef0000,0x00000000eaf00000)
  to   space 512K, 0% used [0x00000000eae00000,0x00000000eae00000,0x00000000eae80000)
 ParOldGen       total 377344K, used 377036K [0x00000000c0000000, 0x00000000d7080000, 0x00000000eab00000)
  object space 377344K, 99% used [0x00000000c0000000,0x00000000d70330a0,0x00000000d7080000)
 Metaspace       used 65956K, committed 67456K, reserved 1114112K
  class space    used 6765K, committed 7424K, reserved 1048576K
}
Event: 21.578 GC heap after
{Heap after GC invocations=650 (full 3):
 PSYoungGen      total 3072K, used 416K [0x00000000eab00000, 0x00000000eaf00000, 0x0000000100000000)
  eden space 2560K, 0% used [0x00000000eab00000,0x00000000eab00000,0x00000000ead80000)
  from space 512K, 81% used [0x00000000eae00000,0x00000000eae68000,0x00000000eae80000)
  to   space 512K, 0% used [0x00000000eae80000,0x00000000eae80000,0x00000000eaf00000)
 ParOldGen       total 377856K, used 377380K [0x00000000c0000000, 0x00000000d7100000, 0x00000000eab00000)
  object space 377856K, 99% used [0x00000000c0000000,0x00000000d70890a0,0x00000000d7100000)
 Metaspace       used 65956K, committed 67456K, reserved 1114112K
  class space    used 6765K, committed 7424K, reserved 1048576K
}
Event: 21.607 GC heap before
{Heap before GC invocations=651 (full 3):
 PSYoungGen      total 3072K, used 2976K [0x00000000eab00000, 0x00000000eaf00000, 0x0000000100000000)
  eden space 2560K, 100% used [0x00000000eab00000,0x00000000ead80000,0x00000000ead80000)
  from space 512K, 81% used [0x00000000eae00000,0x00000000eae68000,0x00000000eae80000)
  to   space 512K, 0% used [0x00000000eae80000,0x00000000eae80000,0x00000000eaf00000)
 ParOldGen       total 377856K, used 377380K [0x00000000c0000000, 0x00000000d7100000, 0x00000000eab00000)
  object space 377856K, 99% used [0x00000000c0000000,0x00000000d70890a0,0x00000000d7100000)
 Metaspace       used 65956K, committed 67456K, reserved 1114112K
  class space    used 6765K, committed 7424K, reserved 1048576K
}
Event: 21.609 GC heap after
{Heap after GC invocations=651 (full 3):
 PSYoungGen      total 3072K, used 448K [0x00000000eab00000, 0x00000000eaf00000, 0x0000000100000000)
  eden space 2560K, 0% used [0x00000000eab00000,0x00000000eab00000,0x00000000ead80000)
  from space 512K, 87% used [0x00000000eae80000,0x00000000eaef0000,0x00000000eaf00000)
  to   space 512K, 0% used [0x00000000eae00000,0x00000000eae00000,0x00000000eae80000)
 ParOldGen       total 377856K, used 377684K [0x00000000c0000000, 0x00000000d7100000, 0x00000000eab00000)
  object space 377856K, 99% used [0x00000000c0000000,0x00000000d70d50a0,0x00000000d7100000)
 Metaspace       used 65956K, committed 67456K, reserved 1114112K
  class space    used 6765K, committed 7424K, reserved 1048576K
}
Event: 21.622 GC heap before
{Heap before GC invocations=652 (full 3):
 PSYoungGen      total 3072K, used 2996K [0x00000000eab00000, 0x00000000eaf00000, 0x0000000100000000)
  eden space 2560K, 99% used [0x00000000eab00000,0x00000000ead7d048,0x00000000ead80000)
  from space 512K, 87% used [0x00000000eae80000,0x00000000eaef0000,0x00000000eaf00000)
  to   space 512K, 0% used [0x00000000eae00000,0x00000000eae00000,0x00000000eae80000)
 ParOldGen       total 377856K, used 377684K [0x00000000c0000000, 0x00000000d7100000, 0x00000000eab00000)
  object space 377856K, 99% used [0x00000000c0000000,0x00000000d70d50a0,0x00000000d7100000)
 Metaspace       used 65956K, committed 67456K, reserved 1114112K
  class space    used 6765K, committed 7424K, reserved 1048576K
}
Event: 21.623 GC heap after
{Heap after GC invocations=652 (full 3):
 PSYoungGen      total 3072K, used 384K [0x00000000eab00000, 0x00000000eaf00000, 0x0000000100000000)
  eden space 2560K, 0% used [0x00000000eab00000,0x00000000eab00000,0x00000000ead80000)
  from space 512K, 75% used [0x00000000eae00000,0x00000000eae60000,0x00000000eae80000)
  to   space 512K, 0% used [0x00000000eae80000,0x00000000eae80000,0x00000000eaf00000)
 ParOldGen       total 378368K, used 378071K [0x00000000c0000000, 0x00000000d7180000, 0x00000000eab00000)
  object space 378368K, 99% used [0x00000000c0000000,0x00000000d7135cb0,0x00000000d7180000)
 Metaspace       used 65956K, committed 67456K, reserved 1114112K
  class space    used 6765K, committed 7424K, reserved 1048576K
}
Event: 21.637 GC heap before
{Heap before GC invocations=653 (full 3):
 PSYoungGen      total 3072K, used 2944K [0x00000000eab00000, 0x00000000eaf00000, 0x0000000100000000)
  eden space 2560K, 100% used [0x00000000eab00000,0x00000000ead80000,0x00000000ead80000)
  from space 512K, 75% used [0x00000000eae00000,0x00000000eae60000,0x00000000eae80000)
  to   space 512K, 0% used [0x00000000eae80000,0x00000000eae80000,0x00000000eaf00000)
 ParOldGen       total 378368K, used 378071K [0x00000000c0000000, 0x00000000d7180000, 0x00000000eab00000)
  object space 378368K, 99% used [0x00000000c0000000,0x00000000d7135cb0,0x00000000d7180000)
 Metaspace       used 65956K, committed 67456K, reserved 1114112K
  class space    used 6765K, committed 7424K, reserved 1048576K
}
Event: 21.639 GC heap after
{Heap after GC invocations=653 (full 3):
 PSYoungGen      total 3072K, used 416K [0x00000000eab00000, 0x00000000eaf00000, 0x0000000100000000)
  eden space 2560K, 0% used [0x00000000eab00000,0x00000000eab00000,0x00000000ead80000)
  from space 512K, 81% used [0x00000000eae80000,0x00000000eaee8000,0x00000000eaf00000)
  to   space 512K, 0% used [0x00000000eae00000,0x00000000eae00000,0x00000000eae80000)
 ParOldGen       total 378880K, used 378407K [0x00000000c0000000, 0x00000000d7200000, 0x00000000eab00000)
  object space 378880K, 99% used [0x00000000c0000000,0x00000000d7189cb0,0x00000000d7200000)
 Metaspace       used 65956K, committed 67456K, reserved 1114112K
  class space    used 6765K, committed 7424K, reserved 1048576K
}
Event: 21.653 GC heap before
{Heap before GC invocations=654 (full 3):
 PSYoungGen      total 3072K, used 2976K [0x00000000eab00000, 0x00000000eaf00000, 0x0000000100000000)
  eden space 2560K, 100% used [0x00000000eab00000,0x00000000ead80000,0x00000000ead80000)
  from space 512K, 81% used [0x00000000eae80000,0x00000000eaee8000,0x00000000eaf00000)
  to   space 512K, 0% used [0x00000000eae00000,0x00000000eae00000,0x00000000eae80000)
 ParOldGen       total 378880K, used 378407K [0x00000000c0000000, 0x00000000d7200000, 0x00000000eab00000)
  object space 378880K, 99% used [0x00000000c0000000,0x00000000d7189cb0,0x00000000d7200000)
 Metaspace       used 65956K, committed 67456K, reserved 1114112K
  class space    used 6765K, committed 7424K, reserved 1048576K
}
Event: 21.654 GC heap after
{Heap after GC invocations=654 (full 3):
 PSYoungGen      total 3072K, used 448K [0x00000000eab00000, 0x00000000eaf00000, 0x0000000100000000)
  eden space 2560K, 0% used [0x00000000eab00000,0x00000000eab00000,0x00000000ead80000)
  from space 512K, 87% used [0x00000000eae00000,0x00000000eae70000,0x00000000eae80000)
  to   space 512K, 0% used [0x00000000eae80000,0x00000000eae80000,0x00000000eaf00000)
 ParOldGen       total 378880K, used 378751K [0x00000000c0000000, 0x00000000d7200000, 0x00000000eab00000)
  object space 378880K, 99% used [0x00000000c0000000,0x00000000d71dfcb0,0x00000000d7200000)
 Metaspace       used 65956K, committed 67456K, reserved 1114112K
  class space    used 6765K, committed 7424K, reserved 1048576K
}
Event: 21.668 GC heap before
{Heap before GC invocations=655 (full 3):
 PSYoungGen      total 3072K, used 3008K [0x00000000eab00000, 0x00000000eaf00000, 0x0000000100000000)
  eden space 2560K, 100% used [0x00000000eab00000,0x00000000ead80000,0x00000000ead80000)
  from space 512K, 87% used [0x00000000eae00000,0x00000000eae70000,0x00000000eae80000)
  to   space 512K, 0% used [0x00000000eae80000,0x00000000eae80000,0x00000000eaf00000)
 ParOldGen       total 378880K, used 378751K [0x00000000c0000000, 0x00000000d7200000, 0x00000000eab00000)
  object space 378880K, 99% used [0x00000000c0000000,0x00000000d71dfcb0,0x00000000d7200000)
 Metaspace       used 65956K, committed 67456K, reserved 1114112K
  class space    used 6765K, committed 7424K, reserved 1048576K
}
Event: 21.670 GC heap after
{Heap after GC invocations=655 (full 3):
 PSYoungGen      total 3072K, used 416K [0x00000000eab00000, 0x00000000eaf00000, 0x0000000100000000)
  eden space 2560K, 0% used [0x00000000eab00000,0x00000000eab00000,0x00000000ead80000)
  from space 512K, 81% used [0x00000000eae80000,0x00000000eaee8000,0x00000000eaf00000)
  to   space 512K, 0% used [0x00000000eae00000,0x00000000eae00000,0x00000000eae80000)
 ParOldGen       total 379392K, used 379095K [0x00000000c0000000, 0x00000000d7280000, 0x00000000eab00000)
  object space 379392K, 99% used [0x00000000c0000000,0x00000000d7235cb0,0x00000000d7280000)
 Metaspace       used 65956K, committed 67456K, reserved 1114112K
  class space    used 6765K, committed 7424K, reserved 1048576K
}
Event: 21.688 GC heap before
{Heap before GC invocations=656 (full 3):
 PSYoungGen      total 3072K, used 2976K [0x00000000eab00000, 0x00000000eaf00000, 0x0000000100000000)
  eden space 2560K, 100% used [0x00000000eab00000,0x00000000ead80000,0x00000000ead80000)
  from space 512K, 81% used [0x00000000eae80000,0x00000000eaee8000,0x00000000eaf00000)
  to   space 512K, 0% used [0x00000000eae00000,0x00000000eae00000,0x00000000eae80000)
 ParOldGen       total 379392K, used 379095K [0x00000000c0000000, 0x00000000d7280000, 0x00000000eab00000)
  object space 379392K, 99% used [0x00000000c0000000,0x00000000d7235cb0,0x00000000d7280000)
 Metaspace       used 65956K, committed 67456K, reserved 1114112K
  class space    used 6765K, committed 7424K, reserved 1048576K
}
Event: 21.689 GC heap after
{Heap after GC invocations=656 (full 3):
 PSYoungGen      total 3072K, used 448K [0x00000000eab00000, 0x00000000eaf00000, 0x0000000100000000)
  eden space 2560K, 0% used [0x00000000eab00000,0x00000000eab00000,0x00000000ead80000)
  from space 512K, 87% used [0x00000000eae00000,0x00000000eae70000,0x00000000eae80000)
  to   space 512K, 0% used [0x00000000eae80000,0x00000000eae80000,0x00000000eaf00000)
 ParOldGen       total 379904K, used 379399K [0x00000000c0000000, 0x00000000d7300000, 0x00000000eab00000)
  object space 379904K, 99% used [0x00000000c0000000,0x00000000d7281cb0,0x00000000d7300000)
 Metaspace       used 65956K, committed 67456K, reserved 1114112K
  class space    used 6765K, committed 7424K, reserved 1048576K
}
Event: 21.719 GC heap before
{Heap before GC invocations=657 (full 3):
 PSYoungGen      total 3072K, used 2987K [0x00000000eab00000, 0x00000000eaf00000, 0x0000000100000000)
  eden space 2560K, 99% used [0x00000000eab00000,0x00000000ead7afa8,0x00000000ead80000)
  from space 512K, 87% used [0x00000000eae00000,0x00000000eae70000,0x00000000eae80000)
  to   space 512K, 0% used [0x00000000eae80000,0x00000000eae80000,0x00000000eaf00000)
 ParOldGen       total 379904K, used 379399K [0x00000000c0000000, 0x00000000d7300000, 0x00000000eab00000)
  object space 379904K, 99% used [0x00000000c0000000,0x00000000d7281cb0,0x00000000d7300000)
 Metaspace       used 65958K, committed 67456K, reserved 1114112K
  class space    used 6765K, committed 7424K, reserved 1048576K
}
Event: 21.721 GC heap after
{Heap after GC invocations=657 (full 3):
 PSYoungGen      total 2560K, used 497K [0x00000000eab00000, 0x00000000eb080000, 0x0000000100000000)
  eden space 2048K, 0% used [0x00000000eab00000,0x00000000eab00000,0x00000000ead00000)
  from space 512K, 97% used [0x00000000eae80000,0x00000000eaefc580,0x00000000eaf00000)
  to   space 1536K, 0% used [0x00000000ead00000,0x00000000ead00000,0x00000000eae80000)
 ParOldGen       total 380416K, used 380189K [0x00000000c0000000, 0x00000000d7380000, 0x00000000eab00000)
  object space 380416K, 99% used [0x00000000c0000000,0x00000000d73477b0,0x00000000d7380000)
 Metaspace       used 65958K, committed 67456K, reserved 1114112K
  class space    used 6765K, committed 7424K, reserved 1048576K
}
Event: 21.769 GC heap before
{Heap before GC invocations=658 (full 3):
 PSYoungGen      total 2560K, used 2545K [0x00000000eab00000, 0x00000000eb080000, 0x0000000100000000)
  eden space 2048K, 100% used [0x00000000eab00000,0x00000000ead00000,0x00000000ead00000)
  from space 512K, 97% used [0x00000000eae80000,0x00000000eaefc580,0x00000000eaf00000)
  to   space 1536K, 0% used [0x00000000ead00000,0x00000000ead00000,0x00000000eae80000)
 ParOldGen       total 380416K, used 380189K [0x00000000c0000000, 0x00000000d7380000, 0x00000000eab00000)
  object space 380416K, 99% used [0x00000000c0000000,0x00000000d73477b0,0x00000000d7380000)
 Metaspace       used 65958K, committed 67456K, reserved 1114112K
  class space    used 6765K, committed 7424K, reserved 1048576K
}
Event: 21.771 GC heap after
{Heap after GC invocations=658 (full 3):
 PSYoungGen      total 3584K, used 1517K [0x00000000eab00000, 0x00000000eb100000, 0x0000000100000000)
  eden space 2048K, 0% used [0x00000000eab00000,0x00000000eab00000,0x00000000ead00000)
  from space 1536K, 98% used [0x00000000ead00000,0x00000000eae7b600,0x00000000eae80000)
  to   space 2048K, 0% used [0x00000000eaf00000,0x00000000eaf00000,0x00000000eb100000)
 ParOldGen       total 380928K, used 380468K [0x00000000c0000000, 0x00000000d7400000, 0x00000000eab00000)
  object space 380928K, 99% used [0x00000000c0000000,0x00000000d738d268,0x00000000d7400000)
 Metaspace       used 65958K, committed 67456K, reserved 1114112K
  class space    used 6765K, committed 7424K, reserved 1048576K
}

